{"/Users/muhammadjon/Desktop/ITPU/WeatherApp/postcss.config.js": {"path":"/Users/muhammadjon/Desktop/ITPU/WeatherApp/postcss.config.js","all":true,"statementMap":{"0":{"start":{"line":1,"column":0},"end":{"line":1,"column":16}},"1":{"start":{"line":2,"column":0},"end":{"line":2,"column":12}},"2":{"start":{"line":3,"column":0},"end":{"line":3,"column":20}},"3":{"start":{"line":4,"column":0},"end":{"line":4,"column":21}},"4":{"start":{"line":5,"column":0},"end":{"line":5,"column":4}},"5":{"start":{"line":6,"column":0},"end":{"line":6,"column":2}}},"s":{"0":0,"1":0,"2":0,"3":0,"4":0,"5":0},"branchMap":{"0":{"type":"branch","line":1,"loc":{"start":{"line":1,"column":0},"end":{"line":6,"column":-11}},"locations":[{"start":{"line":1,"column":0},"end":{"line":6,"column":-11}}]}},"b":{"0":[0]},"fnMap":{"0":{"name":"(empty-report)","decl":{"start":{"line":1,"column":0},"end":{"line":6,"column":-11}},"loc":{"start":{"line":1,"column":0},"end":{"line":6,"column":-11}},"line":1}},"f":{"0":0}}
,"/Users/muhammadjon/Desktop/ITPU/WeatherApp/tailwind.config.js": {"path":"/Users/muhammadjon/Desktop/ITPU/WeatherApp/tailwind.config.js","all":true,"statementMap":{"0":{"start":{"line":1,"column":0},"end":{"line":1,"column":43}},"1":{"start":{"line":2,"column":0},"end":{"line":2,"column":16}},"2":{"start":{"line":3,"column":0},"end":{"line":3,"column":50}},"3":{"start":{"line":4,"column":0},"end":{"line":4,"column":10}},"4":{"start":{"line":5,"column":0},"end":{"line":5,"column":15}},"5":{"start":{"line":6,"column":0},"end":{"line":6,"column":4}},"6":{"start":{"line":7,"column":0},"end":{"line":7,"column":14}},"7":{"start":{"line":8,"column":0},"end":{"line":8,"column":2}}},"s":{"0":0,"1":0,"2":0,"3":0,"4":0,"5":0,"6":0,"7":0},"branchMap":{"0":{"type":"branch","line":1,"loc":{"start":{"line":1,"column":0},"end":{"line":8,"column":-13}},"locations":[{"start":{"line":1,"column":0},"end":{"line":8,"column":-13}}]}},"b":{"0":[0]},"fnMap":{"0":{"name":"(empty-report)","decl":{"start":{"line":1,"column":0},"end":{"line":8,"column":-13}},"loc":{"start":{"line":1,"column":0},"end":{"line":8,"column":-13}},"line":1}},"f":{"0":0}}
,"/Users/muhammadjon/Desktop/ITPU/WeatherApp/src/main.ts": {"path":"/Users/muhammadjon/Desktop/ITPU/WeatherApp/src/main.ts","all":true,"statementMap":{"0":{"start":{"line":1,"column":0},"end":{"line":1,"column":21}},"1":{"start":{"line":2,"column":0},"end":{"line":2,"column":46}},"2":{"start":{"line":3,"column":0},"end":{"line":3,"column":0}},"3":{"start":{"line":4,"column":0},"end":{"line":4,"column":3}},"4":{"start":{"line":5,"column":0},"end":{"line":5,"column":26}},"5":{"start":{"line":6,"column":0},"end":{"line":6,"column":56}},"6":{"start":{"line":7,"column":0},"end":{"line":7,"column":3}},"7":{"start":{"line":8,"column":0},"end":{"line":8,"column":53}},"8":{"start":{"line":9,"column":0},"end":{"line":9,"column":7}},"9":{"start":{"line":10,"column":0},"end":{"line":10,"column":33}},"10":{"start":{"line":11,"column":0},"end":{"line":11,"column":21}},"11":{"start":{"line":12,"column":0},"end":{"line":12,"column":19}},"12":{"start":{"line":13,"column":0},"end":{"line":13,"column":70}},"13":{"start":{"line":14,"column":0},"end":{"line":14,"column":4}},"14":{"start":{"line":15,"column":0},"end":{"line":15,"column":33}},"15":{"start":{"line":16,"column":0},"end":{"line":16,"column":51}},"16":{"start":{"line":17,"column":0},"end":{"line":17,"column":85}},"17":{"start":{"line":18,"column":0},"end":{"line":18,"column":26}},"18":{"start":{"line":19,"column":0},"end":{"line":19,"column":62}},"19":{"start":{"line":20,"column":0},"end":{"line":20,"column":78}},"20":{"start":{"line":21,"column":0},"end":{"line":21,"column":107}},"21":{"start":{"line":22,"column":0},"end":{"line":22,"column":116}},"22":{"start":{"line":23,"column":0},"end":{"line":23,"column":22}},"23":{"start":{"line":24,"column":0},"end":{"line":24,"column":17}},"24":{"start":{"line":25,"column":0},"end":{"line":25,"column":12}},"25":{"start":{"line":26,"column":0},"end":{"line":26,"column":6}},"26":{"start":{"line":27,"column":0},"end":{"line":27,"column":40}},"27":{"start":{"line":28,"column":0},"end":{"line":28,"column":3}},"28":{"start":{"line":29,"column":0},"end":{"line":29,"column":3}}},"s":{"0":0,"1":0,"2":0,"3":0,"4":0,"5":0,"6":0,"7":0,"8":0,"9":0,"10":0,"11":0,"12":0,"13":0,"14":0,"15":0,"16":0,"17":0,"18":0,"19":0,"20":0,"21":0,"22":0,"23":0,"24":0,"25":0,"26":0,"27":0,"28":0},"branchMap":{"0":{"type":"branch","line":1,"loc":{"start":{"line":1,"column":0},"end":{"line":29,"column":-7}},"locations":[{"start":{"line":1,"column":0},"end":{"line":29,"column":-7}}]}},"b":{"0":[0]},"fnMap":{"0":{"name":"(empty-report)","decl":{"start":{"line":1,"column":0},"end":{"line":29,"column":-7}},"loc":{"start":{"line":1,"column":0},"end":{"line":29,"column":-7}},"line":1}},"f":{"0":0}}
,"/Users/muhammadjon/Desktop/ITPU/WeatherApp/src/app/NotificationManager.ts": {"path":"/Users/muhammadjon/Desktop/ITPU/WeatherApp/src/app/NotificationManager.ts","all":true,"statementMap":{"0":{"start":{"line":1,"column":0},"end":{"line":1,"column":54}},"1":{"start":{"line":2,"column":0},"end":{"line":2,"column":44}},"2":{"start":{"line":3,"column":0},"end":{"line":3,"column":0}},"3":{"start":{"line":4,"column":0},"end":{"line":4,"column":3}},"4":{"start":{"line":5,"column":0},"end":{"line":5,"column":63}},"5":{"start":{"line":6,"column":0},"end":{"line":6,"column":44}},"6":{"start":{"line":7,"column":0},"end":{"line":7,"column":3}},"7":{"start":{"line":8,"column":0},"end":{"line":8,"column":34}},"8":{"start":{"line":9,"column":0},"end":{"line":9,"column":45}},"9":{"start":{"line":10,"column":0},"end":{"line":10,"column":29}},"10":{"start":{"line":11,"column":0},"end":{"line":11,"column":88}},"11":{"start":{"line":12,"column":0},"end":{"line":12,"column":0}},"12":{"start":{"line":13,"column":0},"end":{"line":13,"column":17}},"13":{"start":{"line":14,"column":0},"end":{"line":14,"column":29}},"14":{"start":{"line":15,"column":0},"end":{"line":15,"column":3}},"15":{"start":{"line":16,"column":0},"end":{"line":16,"column":0}},"16":{"start":{"line":17,"column":0},"end":{"line":17,"column":5}},"17":{"start":{"line":18,"column":0},"end":{"line":18,"column":37}},"18":{"start":{"line":19,"column":0},"end":{"line":19,"column":5}},"19":{"start":{"line":20,"column":0},"end":{"line":20,"column":32}},"20":{"start":{"line":21,"column":0},"end":{"line":21,"column":27}},"21":{"start":{"line":22,"column":0},"end":{"line":22,"column":49}},"22":{"start":{"line":23,"column":0},"end":{"line":23,"column":3}},"23":{"start":{"line":24,"column":0},"end":{"line":24,"column":0}},"24":{"start":{"line":25,"column":0},"end":{"line":25,"column":5}},"25":{"start":{"line":26,"column":0},"end":{"line":26,"column":36}},"26":{"start":{"line":27,"column":0},"end":{"line":27,"column":5}},"27":{"start":{"line":28,"column":0},"end":{"line":28,"column":31}},"28":{"start":{"line":29,"column":0},"end":{"line":29,"column":28}},"29":{"start":{"line":30,"column":0},"end":{"line":30,"column":49}},"30":{"start":{"line":31,"column":0},"end":{"line":31,"column":3}},"31":{"start":{"line":32,"column":0},"end":{"line":32,"column":0}},"32":{"start":{"line":33,"column":0},"end":{"line":33,"column":5}},"33":{"start":{"line":34,"column":0},"end":{"line":34,"column":23}},"34":{"start":{"line":35,"column":0},"end":{"line":35,"column":5}},"35":{"start":{"line":36,"column":0},"end":{"line":36,"column":65}},"36":{"start":{"line":37,"column":0},"end":{"line":37,"column":44}},"37":{"start":{"line":38,"column":0},"end":{"line":38,"column":3}},"38":{"start":{"line":39,"column":0},"end":{"line":39,"column":0}},"39":{"start":{"line":40,"column":0},"end":{"line":40,"column":5}},"40":{"start":{"line":41,"column":0},"end":{"line":41,"column":23}},"41":{"start":{"line":42,"column":0},"end":{"line":42,"column":5}},"42":{"start":{"line":43,"column":0},"end":{"line":43,"column":60}},"43":{"start":{"line":44,"column":0},"end":{"line":44,"column":42}},"44":{"start":{"line":45,"column":0},"end":{"line":45,"column":3}},"45":{"start":{"line":46,"column":0},"end":{"line":46,"column":0}},"46":{"start":{"line":47,"column":0},"end":{"line":47,"column":5}},"47":{"start":{"line":48,"column":0},"end":{"line":48,"column":26}},"48":{"start":{"line":49,"column":0},"end":{"line":49,"column":5}},"49":{"start":{"line":50,"column":0},"end":{"line":50,"column":59}},"50":{"start":{"line":51,"column":0},"end":{"line":51,"column":81}},"51":{"start":{"line":52,"column":0},"end":{"line":52,"column":3}},"52":{"start":{"line":53,"column":0},"end":{"line":53,"column":0}},"53":{"start":{"line":54,"column":0},"end":{"line":54,"column":5}},"54":{"start":{"line":55,"column":0},"end":{"line":55,"column":50}},"55":{"start":{"line":56,"column":0},"end":{"line":56,"column":5}},"56":{"start":{"line":57,"column":0},"end":{"line":57,"column":106}},"57":{"start":{"line":58,"column":0},"end":{"line":58,"column":34}},"58":{"start":{"line":59,"column":0},"end":{"line":59,"column":3}},"59":{"start":{"line":60,"column":0},"end":{"line":60,"column":0}},"60":{"start":{"line":61,"column":0},"end":{"line":61,"column":5}},"61":{"start":{"line":62,"column":0},"end":{"line":62,"column":31}},"62":{"start":{"line":63,"column":0},"end":{"line":63,"column":5}},"63":{"start":{"line":64,"column":0},"end":{"line":64,"column":30}},"64":{"start":{"line":65,"column":0},"end":{"line":65,"column":27}},"65":{"start":{"line":66,"column":0},"end":{"line":66,"column":3}},"66":{"start":{"line":67,"column":0},"end":{"line":67,"column":1}}},"s":{"0":0,"1":0,"2":0,"3":0,"4":0,"5":0,"6":0,"7":0,"8":0,"9":0,"10":0,"11":0,"12":0,"13":0,"14":0,"15":0,"16":0,"17":0,"18":0,"19":0,"20":0,"21":0,"22":0,"23":0,"24":0,"25":0,"26":0,"27":0,"28":0,"29":0,"30":0,"31":0,"32":0,"33":0,"34":0,"35":0,"36":0,"37":0,"38":0,"39":0,"40":0,"41":0,"42":0,"43":0,"44":0,"45":0,"46":0,"47":0,"48":0,"49":0,"50":0,"51":0,"52":0,"53":0,"54":0,"55":0,"56":0,"57":0,"58":0,"59":0,"60":0,"61":0,"62":0,"63":0,"64":0,"65":0,"66":0},"branchMap":{"0":{"type":"branch","line":1,"loc":{"start":{"line":1,"column":1604},"end":{"line":67,"column":1}},"locations":[{"start":{"line":1,"column":1604},"end":{"line":67,"column":1}}]}},"b":{"0":[0]},"fnMap":{"0":{"name":"(empty-report)","decl":{"start":{"line":1,"column":1604},"end":{"line":67,"column":1}},"loc":{"start":{"line":1,"column":1604},"end":{"line":67,"column":1}},"line":1}},"f":{"0":0}}
,"/Users/muhammadjon/Desktop/ITPU/WeatherApp/src/app/UIManager.ts": {"path":"/Users/muhammadjon/Desktop/ITPU/WeatherApp/src/app/UIManager.ts","all":true,"statementMap":{"0":{"start":{"line":1,"column":0},"end":{"line":1,"column":54}},"1":{"start":{"line":2,"column":0},"end":{"line":2,"column":46}},"2":{"start":{"line":3,"column":0},"end":{"line":3,"column":54}},"3":{"start":{"line":4,"column":0},"end":{"line":4,"column":84}},"4":{"start":{"line":5,"column":0},"end":{"line":5,"column":0}},"5":{"start":{"line":6,"column":0},"end":{"line":6,"column":3}},"6":{"start":{"line":7,"column":0},"end":{"line":7,"column":72}},"7":{"start":{"line":8,"column":0},"end":{"line":8,"column":64}},"8":{"start":{"line":9,"column":0},"end":{"line":9,"column":3}},"9":{"start":{"line":10,"column":0},"end":{"line":10,"column":24}},"10":{"start":{"line":11,"column":0},"end":{"line":11,"column":39}},"11":{"start":{"line":12,"column":0},"end":{"line":12,"column":39}},"12":{"start":{"line":13,"column":0},"end":{"line":13,"column":39}},"13":{"start":{"line":14,"column":0},"end":{"line":14,"column":37}},"14":{"start":{"line":15,"column":0},"end":{"line":15,"column":41}},"15":{"start":{"line":16,"column":0},"end":{"line":16,"column":41}},"16":{"start":{"line":17,"column":0},"end":{"line":17,"column":41}},"17":{"start":{"line":18,"column":0},"end":{"line":18,"column":48}},"18":{"start":{"line":19,"column":0},"end":{"line":19,"column":42}},"19":{"start":{"line":20,"column":0},"end":{"line":20,"column":37}},"20":{"start":{"line":21,"column":0},"end":{"line":21,"column":41}},"21":{"start":{"line":22,"column":0},"end":{"line":22,"column":38}},"22":{"start":{"line":23,"column":0},"end":{"line":23,"column":42}},"23":{"start":{"line":24,"column":0},"end":{"line":24,"column":0}},"24":{"start":{"line":25,"column":0},"end":{"line":25,"column":50}},"25":{"start":{"line":26,"column":0},"end":{"line":26,"column":46}},"26":{"start":{"line":27,"column":0},"end":{"line":27,"column":69}},"27":{"start":{"line":28,"column":0},"end":{"line":28,"column":64}},"28":{"start":{"line":29,"column":0},"end":{"line":29,"column":77}},"29":{"start":{"line":30,"column":0},"end":{"line":30,"column":60}},"30":{"start":{"line":31,"column":0},"end":{"line":31,"column":93}},"31":{"start":{"line":32,"column":0},"end":{"line":32,"column":0}},"32":{"start":{"line":33,"column":0},"end":{"line":33,"column":45}},"33":{"start":{"line":34,"column":0},"end":{"line":34,"column":50}},"34":{"start":{"line":35,"column":0},"end":{"line":35,"column":0}},"35":{"start":{"line":36,"column":0},"end":{"line":36,"column":17}},"36":{"start":{"line":37,"column":0},"end":{"line":37,"column":30}},"37":{"start":{"line":38,"column":0},"end":{"line":38,"column":31}},"38":{"start":{"line":39,"column":0},"end":{"line":39,"column":3}},"39":{"start":{"line":40,"column":0},"end":{"line":40,"column":0}},"40":{"start":{"line":41,"column":0},"end":{"line":41,"column":5}},"41":{"start":{"line":42,"column":0},"end":{"line":42,"column":28}},"42":{"start":{"line":43,"column":0},"end":{"line":43,"column":5}},"43":{"start":{"line":44,"column":0},"end":{"line":44,"column":38}},"44":{"start":{"line":45,"column":0},"end":{"line":45,"column":80}},"45":{"start":{"line":46,"column":0},"end":{"line":46,"column":79}},"46":{"start":{"line":47,"column":0},"end":{"line":47,"column":84}},"47":{"start":{"line":48,"column":0},"end":{"line":48,"column":80}},"48":{"start":{"line":49,"column":0},"end":{"line":49,"column":88}},"49":{"start":{"line":50,"column":0},"end":{"line":50,"column":88}},"50":{"start":{"line":51,"column":0},"end":{"line":51,"column":88}},"51":{"start":{"line":52,"column":0},"end":{"line":52,"column":93}},"52":{"start":{"line":53,"column":0},"end":{"line":53,"column":85}},"53":{"start":{"line":54,"column":0},"end":{"line":54,"column":80}},"54":{"start":{"line":55,"column":0},"end":{"line":55,"column":88}},"55":{"start":{"line":56,"column":0},"end":{"line":56,"column":82}},"56":{"start":{"line":57,"column":0},"end":{"line":57,"column":90}},"57":{"start":{"line":58,"column":0},"end":{"line":58,"column":3}},"58":{"start":{"line":59,"column":0},"end":{"line":59,"column":0}},"59":{"start":{"line":60,"column":0},"end":{"line":60,"column":5}},"60":{"start":{"line":61,"column":0},"end":{"line":61,"column":32}},"61":{"start":{"line":62,"column":0},"end":{"line":62,"column":5}},"62":{"start":{"line":63,"column":0},"end":{"line":63,"column":39}},"63":{"start":{"line":64,"column":0},"end":{"line":64,"column":29}},"64":{"start":{"line":65,"column":0},"end":{"line":65,"column":55}},"65":{"start":{"line":66,"column":0},"end":{"line":66,"column":25}},"66":{"start":{"line":67,"column":0},"end":{"line":67,"column":47}},"67":{"start":{"line":68,"column":0},"end":{"line":68,"column":40}},"68":{"start":{"line":69,"column":0},"end":{"line":69,"column":34}},"69":{"start":{"line":70,"column":0},"end":{"line":70,"column":7}},"70":{"start":{"line":71,"column":0},"end":{"line":71,"column":7}},"71":{"start":{"line":72,"column":0},"end":{"line":72,"column":0}},"72":{"start":{"line":73,"column":0},"end":{"line":73,"column":22}},"73":{"start":{"line":74,"column":0},"end":{"line":74,"column":65}},"74":{"start":{"line":75,"column":0},"end":{"line":75,"column":24}},"75":{"start":{"line":76,"column":0},"end":{"line":76,"column":53}},"76":{"start":{"line":77,"column":0},"end":{"line":77,"column":25}},"77":{"start":{"line":78,"column":0},"end":{"line":78,"column":9}},"78":{"start":{"line":79,"column":0},"end":{"line":79,"column":5}},"79":{"start":{"line":80,"column":0},"end":{"line":80,"column":0}},"80":{"start":{"line":81,"column":0},"end":{"line":81,"column":20}},"81":{"start":{"line":82,"column":0},"end":{"line":82,"column":64}},"82":{"start":{"line":83,"column":0},"end":{"line":83,"column":34}},"83":{"start":{"line":84,"column":0},"end":{"line":84,"column":47}},"84":{"start":{"line":85,"column":0},"end":{"line":85,"column":47}},"85":{"start":{"line":86,"column":0},"end":{"line":86,"column":54}},"86":{"start":{"line":87,"column":0},"end":{"line":87,"column":20}},"87":{"start":{"line":88,"column":0},"end":{"line":88,"column":32}},"88":{"start":{"line":89,"column":0},"end":{"line":89,"column":9}},"89":{"start":{"line":90,"column":0},"end":{"line":90,"column":9}},"90":{"start":{"line":91,"column":0},"end":{"line":91,"column":7}},"91":{"start":{"line":92,"column":0},"end":{"line":92,"column":3}},"92":{"start":{"line":93,"column":0},"end":{"line":93,"column":0}},"93":{"start":{"line":94,"column":0},"end":{"line":94,"column":5}},"94":{"start":{"line":95,"column":0},"end":{"line":95,"column":23}},"95":{"start":{"line":96,"column":0},"end":{"line":96,"column":5}},"96":{"start":{"line":97,"column":0},"end":{"line":97,"column":59}},"97":{"start":{"line":98,"column":0},"end":{"line":98,"column":35}},"98":{"start":{"line":99,"column":0},"end":{"line":99,"column":3}},"99":{"start":{"line":100,"column":0},"end":{"line":100,"column":0}},"100":{"start":{"line":101,"column":0},"end":{"line":101,"column":55}},"101":{"start":{"line":102,"column":0},"end":{"line":102,"column":43}},"102":{"start":{"line":103,"column":0},"end":{"line":103,"column":3}},"103":{"start":{"line":104,"column":0},"end":{"line":104,"column":0}},"104":{"start":{"line":105,"column":0},"end":{"line":105,"column":78}},"105":{"start":{"line":106,"column":0},"end":{"line":106,"column":48}},"106":{"start":{"line":107,"column":0},"end":{"line":107,"column":3}},"107":{"start":{"line":108,"column":0},"end":{"line":108,"column":0}},"108":{"start":{"line":109,"column":0},"end":{"line":109,"column":73}},"109":{"start":{"line":110,"column":0},"end":{"line":110,"column":43}},"110":{"start":{"line":111,"column":0},"end":{"line":111,"column":3}},"111":{"start":{"line":112,"column":0},"end":{"line":112,"column":0}},"112":{"start":{"line":113,"column":0},"end":{"line":113,"column":86}},"113":{"start":{"line":114,"column":0},"end":{"line":114,"column":47}},"114":{"start":{"line":115,"column":0},"end":{"line":115,"column":3}},"115":{"start":{"line":116,"column":0},"end":{"line":116,"column":0}},"116":{"start":{"line":117,"column":0},"end":{"line":117,"column":69}},"117":{"start":{"line":118,"column":0},"end":{"line":118,"column":47}},"118":{"start":{"line":119,"column":0},"end":{"line":119,"column":3}},"119":{"start":{"line":120,"column":0},"end":{"line":120,"column":0}},"120":{"start":{"line":121,"column":0},"end":{"line":121,"column":102}},"121":{"start":{"line":122,"column":0},"end":{"line":122,"column":45}},"122":{"start":{"line":123,"column":0},"end":{"line":123,"column":3}},"123":{"start":{"line":124,"column":0},"end":{"line":124,"column":0}},"124":{"start":{"line":125,"column":0},"end":{"line":125,"column":59}},"125":{"start":{"line":126,"column":0},"end":{"line":126,"column":65}},"126":{"start":{"line":127,"column":0},"end":{"line":127,"column":3}},"127":{"start":{"line":128,"column":0},"end":{"line":128,"column":2}},"128":{"start":{"line":129,"column":0},"end":{"line":129,"column":64}},"129":{"start":{"line":130,"column":0},"end":{"line":130,"column":54}},"130":{"start":{"line":131,"column":0},"end":{"line":131,"column":0}},"131":{"start":{"line":132,"column":0},"end":{"line":132,"column":5}},"132":{"start":{"line":133,"column":0},"end":{"line":133,"column":62}},"133":{"start":{"line":134,"column":0},"end":{"line":134,"column":5}},"134":{"start":{"line":135,"column":0},"end":{"line":135,"column":89}},"135":{"start":{"line":136,"column":0},"end":{"line":136,"column":62}},"136":{"start":{"line":137,"column":0},"end":{"line":137,"column":32}},"137":{"start":{"line":138,"column":0},"end":{"line":138,"column":49}},"138":{"start":{"line":139,"column":0},"end":{"line":139,"column":34}},"139":{"start":{"line":140,"column":0},"end":{"line":140,"column":3}},"140":{"start":{"line":141,"column":0},"end":{"line":141,"column":0}},"141":{"start":{"line":142,"column":0},"end":{"line":142,"column":5}},"142":{"start":{"line":143,"column":0},"end":{"line":143,"column":73}},"143":{"start":{"line":144,"column":0},"end":{"line":144,"column":5}},"144":{"start":{"line":145,"column":0},"end":{"line":145,"column":76}},"145":{"start":{"line":146,"column":0},"end":{"line":146,"column":46}},"146":{"start":{"line":147,"column":0},"end":{"line":147,"column":57}},"147":{"start":{"line":148,"column":0},"end":{"line":148,"column":139}},"148":{"start":{"line":149,"column":0},"end":{"line":149,"column":54}},"149":{"start":{"line":150,"column":0},"end":{"line":150,"column":55}},"150":{"start":{"line":151,"column":0},"end":{"line":151,"column":75}},"151":{"start":{"line":152,"column":0},"end":{"line":152,"column":14}},"152":{"start":{"line":153,"column":0},"end":{"line":153,"column":57}},"153":{"start":{"line":154,"column":0},"end":{"line":154,"column":89}},"154":{"start":{"line":155,"column":0},"end":{"line":155,"column":14}},"155":{"start":{"line":156,"column":0},"end":{"line":156,"column":8}},"156":{"start":{"line":157,"column":0},"end":{"line":157,"column":29}},"157":{"start":{"line":158,"column":0},"end":{"line":158,"column":35}},"158":{"start":{"line":159,"column":0},"end":{"line":159,"column":64}},"159":{"start":{"line":160,"column":0},"end":{"line":160,"column":61}},"160":{"start":{"line":161,"column":0},"end":{"line":161,"column":17}},"161":{"start":{"line":162,"column":0},"end":{"line":162,"column":92}},"162":{"start":{"line":163,"column":0},"end":{"line":163,"column":93}},"163":{"start":{"line":164,"column":0},"end":{"line":164,"column":18}},"164":{"start":{"line":165,"column":0},"end":{"line":165,"column":135}},"165":{"start":{"line":166,"column":0},"end":{"line":166,"column":16}},"166":{"start":{"line":167,"column":0},"end":{"line":167,"column":10}},"167":{"start":{"line":168,"column":0},"end":{"line":168,"column":43}},"168":{"start":{"line":169,"column":0},"end":{"line":169,"column":57}},"169":{"start":{"line":170,"column":0},"end":{"line":170,"column":43}},"170":{"start":{"line":171,"column":0},"end":{"line":171,"column":116}},"171":{"start":{"line":172,"column":0},"end":{"line":172,"column":19}},"172":{"start":{"line":173,"column":0},"end":{"line":173,"column":95}},"173":{"start":{"line":174,"column":0},"end":{"line":174,"column":103}},"174":{"start":{"line":175,"column":0},"end":{"line":175,"column":20}},"175":{"start":{"line":176,"column":0},"end":{"line":176,"column":18}},"176":{"start":{"line":177,"column":0},"end":{"line":177,"column":12}},"177":{"start":{"line":178,"column":0},"end":{"line":178,"column":44}},"178":{"start":{"line":179,"column":0},"end":{"line":179,"column":114}},"179":{"start":{"line":180,"column":0},"end":{"line":180,"column":145}},"180":{"start":{"line":181,"column":0},"end":{"line":181,"column":18}},"181":{"start":{"line":182,"column":0},"end":{"line":182,"column":16}},"182":{"start":{"line":183,"column":0},"end":{"line":183,"column":14}},"183":{"start":{"line":184,"column":0},"end":{"line":184,"column":12}},"184":{"start":{"line":185,"column":0},"end":{"line":185,"column":6}},"185":{"start":{"line":186,"column":0},"end":{"line":186,"column":45}},"186":{"start":{"line":187,"column":0},"end":{"line":187,"column":47}},"187":{"start":{"line":188,"column":0},"end":{"line":188,"column":90}},"188":{"start":{"line":189,"column":0},"end":{"line":189,"column":58}},"189":{"start":{"line":190,"column":0},"end":{"line":190,"column":64}},"190":{"start":{"line":191,"column":0},"end":{"line":191,"column":81}},"191":{"start":{"line":192,"column":0},"end":{"line":192,"column":14}},"192":{"start":{"line":193,"column":0},"end":{"line":193,"column":8}},"193":{"start":{"line":194,"column":0},"end":{"line":194,"column":90}},"194":{"start":{"line":195,"column":0},"end":{"line":195,"column":58}},"195":{"start":{"line":196,"column":0},"end":{"line":196,"column":60}},"196":{"start":{"line":197,"column":0},"end":{"line":197,"column":85}},"197":{"start":{"line":198,"column":0},"end":{"line":198,"column":14}},"198":{"start":{"line":199,"column":0},"end":{"line":199,"column":8}},"199":{"start":{"line":200,"column":0},"end":{"line":200,"column":90}},"200":{"start":{"line":201,"column":0},"end":{"line":201,"column":60}},"201":{"start":{"line":202,"column":0},"end":{"line":202,"column":63}},"202":{"start":{"line":203,"column":0},"end":{"line":203,"column":93}},"203":{"start":{"line":204,"column":0},"end":{"line":204,"column":14}},"204":{"start":{"line":205,"column":0},"end":{"line":205,"column":8}},"205":{"start":{"line":206,"column":0},"end":{"line":206,"column":90}},"206":{"start":{"line":207,"column":0},"end":{"line":207,"column":60}},"207":{"start":{"line":208,"column":0},"end":{"line":208,"column":62}},"208":{"start":{"line":209,"column":0},"end":{"line":209,"column":92}},"209":{"start":{"line":210,"column":0},"end":{"line":210,"column":14}},"210":{"start":{"line":211,"column":0},"end":{"line":211,"column":12}},"211":{"start":{"line":212,"column":0},"end":{"line":212,"column":6}},"212":{"start":{"line":213,"column":0},"end":{"line":213,"column":0}},"213":{"start":{"line":214,"column":0},"end":{"line":214,"column":60}},"214":{"start":{"line":215,"column":0},"end":{"line":215,"column":66}},"215":{"start":{"line":216,"column":0},"end":{"line":216,"column":51}},"216":{"start":{"line":217,"column":0},"end":{"line":217,"column":71}},"217":{"start":{"line":218,"column":0},"end":{"line":218,"column":5}},"218":{"start":{"line":219,"column":0},"end":{"line":219,"column":3}},"219":{"start":{"line":220,"column":0},"end":{"line":220,"column":0}},"220":{"start":{"line":221,"column":0},"end":{"line":221,"column":5}},"221":{"start":{"line":222,"column":0},"end":{"line":222,"column":20}},"222":{"start":{"line":223,"column":0},"end":{"line":223,"column":5}},"223":{"start":{"line":224,"column":0},"end":{"line":224,"column":52}},"224":{"start":{"line":225,"column":0},"end":{"line":225,"column":54}},"225":{"start":{"line":226,"column":0},"end":{"line":226,"column":4}},"226":{"start":{"line":227,"column":0},"end":{"line":227,"column":82}},"227":{"start":{"line":228,"column":0},"end":{"line":228,"column":4}},"228":{"start":{"line":229,"column":0},"end":{"line":229,"column":37}},"229":{"start":{"line":230,"column":0},"end":{"line":230,"column":115}},"230":{"start":{"line":231,"column":0},"end":{"line":231,"column":13}},"231":{"start":{"line":232,"column":0},"end":{"line":232,"column":5}},"232":{"start":{"line":233,"column":0},"end":{"line":233,"column":4}},"233":{"start":{"line":234,"column":0},"end":{"line":234,"column":75}},"234":{"start":{"line":235,"column":0},"end":{"line":235,"column":44}},"235":{"start":{"line":236,"column":0},"end":{"line":236,"column":101}},"236":{"start":{"line":237,"column":0},"end":{"line":237,"column":92}},"237":{"start":{"line":238,"column":0},"end":{"line":238,"column":6}},"238":{"start":{"line":239,"column":0},"end":{"line":239,"column":14}},"239":{"start":{"line":240,"column":0},"end":{"line":240,"column":116}},"240":{"start":{"line":241,"column":0},"end":{"line":241,"column":78}},"241":{"start":{"line":242,"column":0},"end":{"line":242,"column":67}},"242":{"start":{"line":243,"column":0},"end":{"line":243,"column":86}},"243":{"start":{"line":244,"column":0},"end":{"line":244,"column":52}},"244":{"start":{"line":245,"column":0},"end":{"line":245,"column":46}},"245":{"start":{"line":246,"column":0},"end":{"line":246,"column":96}},"246":{"start":{"line":247,"column":0},"end":{"line":247,"column":97}},"247":{"start":{"line":248,"column":0},"end":{"line":248,"column":50}},"248":{"start":{"line":249,"column":0},"end":{"line":249,"column":87}},"249":{"start":{"line":250,"column":0},"end":{"line":250,"column":16}},"250":{"start":{"line":251,"column":0},"end":{"line":251,"column":14}},"251":{"start":{"line":252,"column":0},"end":{"line":252,"column":8}},"252":{"start":{"line":253,"column":0},"end":{"line":253,"column":16}},"253":{"start":{"line":254,"column":0},"end":{"line":254,"column":3}},"254":{"start":{"line":255,"column":0},"end":{"line":255,"column":0}},"255":{"start":{"line":256,"column":0},"end":{"line":256,"column":5}},"256":{"start":{"line":257,"column":0},"end":{"line":257,"column":26}},"257":{"start":{"line":258,"column":0},"end":{"line":258,"column":5}},"258":{"start":{"line":259,"column":0},"end":{"line":259,"column":59}},"259":{"start":{"line":260,"column":0},"end":{"line":260,"column":33}},"260":{"start":{"line":261,"column":0},"end":{"line":261,"column":103}},"261":{"start":{"line":262,"column":0},"end":{"line":262,"column":13}},"262":{"start":{"line":263,"column":0},"end":{"line":263,"column":5}},"263":{"start":{"line":264,"column":0},"end":{"line":264,"column":0}},"264":{"start":{"line":265,"column":0},"end":{"line":265,"column":62}},"265":{"start":{"line":266,"column":0},"end":{"line":266,"column":112}},"266":{"start":{"line":267,"column":0},"end":{"line":267,"column":45}},"267":{"start":{"line":268,"column":0},"end":{"line":268,"column":13}},"268":{"start":{"line":269,"column":0},"end":{"line":269,"column":57}},"269":{"start":{"line":270,"column":0},"end":{"line":270,"column":70}},"270":{"start":{"line":271,"column":0},"end":{"line":271,"column":14}},"271":{"start":{"line":272,"column":0},"end":{"line":272,"column":116}},"272":{"start":{"line":273,"column":0},"end":{"line":273,"column":12}},"273":{"start":{"line":274,"column":0},"end":{"line":274,"column":16}},"274":{"start":{"line":275,"column":0},"end":{"line":275,"column":0}},"275":{"start":{"line":276,"column":0},"end":{"line":276,"column":26}},"276":{"start":{"line":277,"column":0},"end":{"line":277,"column":104}},"277":{"start":{"line":278,"column":0},"end":{"line":278,"column":48}},"278":{"start":{"line":279,"column":0},"end":{"line":279,"column":93}},"279":{"start":{"line":280,"column":0},"end":{"line":280,"column":70}},"280":{"start":{"line":281,"column":0},"end":{"line":281,"column":54}},"281":{"start":{"line":282,"column":0},"end":{"line":282,"column":48}},"282":{"start":{"line":283,"column":0},"end":{"line":283,"column":9}},"283":{"start":{"line":284,"column":0},"end":{"line":284,"column":9}},"284":{"start":{"line":285,"column":0},"end":{"line":285,"column":7}},"285":{"start":{"line":286,"column":0},"end":{"line":286,"column":0}},"286":{"start":{"line":287,"column":0},"end":{"line":287,"column":79}},"287":{"start":{"line":288,"column":0},"end":{"line":288,"column":47}},"288":{"start":{"line":289,"column":0},"end":{"line":289,"column":28}},"289":{"start":{"line":290,"column":0},"end":{"line":290,"column":86}},"290":{"start":{"line":291,"column":0},"end":{"line":291,"column":61}},"291":{"start":{"line":292,"column":0},"end":{"line":292,"column":55}},"292":{"start":{"line":293,"column":0},"end":{"line":293,"column":9}},"293":{"start":{"line":294,"column":0},"end":{"line":294,"column":9}},"294":{"start":{"line":295,"column":0},"end":{"line":295,"column":7}},"295":{"start":{"line":296,"column":0},"end":{"line":296,"column":3}},"296":{"start":{"line":297,"column":0},"end":{"line":297,"column":0}},"297":{"start":{"line":298,"column":0},"end":{"line":298,"column":5}},"298":{"start":{"line":299,"column":0},"end":{"line":299,"column":94}},"299":{"start":{"line":300,"column":0},"end":{"line":300,"column":5}},"300":{"start":{"line":301,"column":0},"end":{"line":301,"column":71}},"301":{"start":{"line":302,"column":0},"end":{"line":302,"column":40}},"302":{"start":{"line":303,"column":0},"end":{"line":303,"column":24}},"303":{"start":{"line":304,"column":0},"end":{"line":304,"column":140}},"304":{"start":{"line":305,"column":0},"end":{"line":305,"column":36}},"305":{"start":{"line":306,"column":0},"end":{"line":306,"column":17}},"306":{"start":{"line":307,"column":0},"end":{"line":307,"column":12}},"307":{"start":{"line":308,"column":0},"end":{"line":308,"column":6}},"308":{"start":{"line":309,"column":0},"end":{"line":309,"column":87}},"309":{"start":{"line":310,"column":0},"end":{"line":310,"column":47}},"310":{"start":{"line":311,"column":0},"end":{"line":311,"column":59}},"311":{"start":{"line":312,"column":0},"end":{"line":312,"column":13}},"312":{"start":{"line":313,"column":0},"end":{"line":313,"column":8}},"313":{"start":{"line":314,"column":0},"end":{"line":314,"column":26}},"314":{"start":{"line":315,"column":0},"end":{"line":315,"column":105}},"315":{"start":{"line":316,"column":0},"end":{"line":316,"column":120}},"316":{"start":{"line":317,"column":0},"end":{"line":317,"column":82}},"317":{"start":{"line":318,"column":0},"end":{"line":318,"column":82}},"318":{"start":{"line":319,"column":0},"end":{"line":319,"column":55}},"319":{"start":{"line":320,"column":0},"end":{"line":320,"column":55}},"320":{"start":{"line":321,"column":0},"end":{"line":321,"column":71}},"321":{"start":{"line":322,"column":0},"end":{"line":322,"column":52}},"322":{"start":{"line":323,"column":0},"end":{"line":323,"column":19}},"323":{"start":{"line":324,"column":0},"end":{"line":324,"column":14}},"324":{"start":{"line":325,"column":0},"end":{"line":325,"column":8}},"325":{"start":{"line":326,"column":0},"end":{"line":326,"column":52}},"326":{"start":{"line":327,"column":0},"end":{"line":327,"column":112}},"327":{"start":{"line":328,"column":0},"end":{"line":328,"column":134}},"328":{"start":{"line":329,"column":0},"end":{"line":329,"column":59}},"329":{"start":{"line":330,"column":0},"end":{"line":330,"column":14}},"330":{"start":{"line":331,"column":0},"end":{"line":331,"column":8}},"331":{"start":{"line":332,"column":0},"end":{"line":332,"column":26}},"332":{"start":{"line":333,"column":0},"end":{"line":333,"column":123}},"333":{"start":{"line":334,"column":0},"end":{"line":334,"column":134}},"334":{"start":{"line":335,"column":0},"end":{"line":335,"column":63}},"335":{"start":{"line":336,"column":0},"end":{"line":336,"column":14}},"336":{"start":{"line":337,"column":0},"end":{"line":337,"column":8}},"337":{"start":{"line":338,"column":0},"end":{"line":338,"column":32}},"338":{"start":{"line":339,"column":0},"end":{"line":339,"column":138}},"339":{"start":{"line":340,"column":0},"end":{"line":340,"column":54}},"340":{"start":{"line":341,"column":0},"end":{"line":341,"column":19}},"341":{"start":{"line":342,"column":0},"end":{"line":342,"column":138}},"342":{"start":{"line":343,"column":0},"end":{"line":343,"column":18}},"343":{"start":{"line":344,"column":0},"end":{"line":344,"column":19}},"344":{"start":{"line":345,"column":0},"end":{"line":345,"column":14}},"345":{"start":{"line":346,"column":0},"end":{"line":346,"column":12}},"346":{"start":{"line":347,"column":0},"end":{"line":347,"column":6}},"347":{"start":{"line":348,"column":0},"end":{"line":348,"column":0}},"348":{"start":{"line":349,"column":0},"end":{"line":349,"column":37}},"349":{"start":{"line":350,"column":0},"end":{"line":350,"column":215}},"350":{"start":{"line":351,"column":0},"end":{"line":351,"column":12}},"351":{"start":{"line":352,"column":0},"end":{"line":352,"column":67}},"352":{"start":{"line":353,"column":0},"end":{"line":353,"column":71}},"353":{"start":{"line":354,"column":0},"end":{"line":354,"column":8}},"354":{"start":{"line":355,"column":0},"end":{"line":355,"column":16}},"355":{"start":{"line":356,"column":0},"end":{"line":356,"column":119}},"356":{"start":{"line":357,"column":0},"end":{"line":357,"column":58}},"357":{"start":{"line":358,"column":0},"end":{"line":358,"column":34}},"358":{"start":{"line":359,"column":0},"end":{"line":359,"column":104}},"359":{"start":{"line":360,"column":0},"end":{"line":360,"column":89}},"360":{"start":{"line":361,"column":0},"end":{"line":361,"column":83}},"361":{"start":{"line":362,"column":0},"end":{"line":362,"column":61}},"362":{"start":{"line":363,"column":0},"end":{"line":363,"column":142}},"363":{"start":{"line":364,"column":0},"end":{"line":364,"column":72}},"364":{"start":{"line":365,"column":0},"end":{"line":365,"column":25}},"365":{"start":{"line":366,"column":0},"end":{"line":366,"column":22}},"366":{"start":{"line":367,"column":0},"end":{"line":367,"column":20}},"367":{"start":{"line":368,"column":0},"end":{"line":368,"column":52}},"368":{"start":{"line":369,"column":0},"end":{"line":369,"column":138}},"369":{"start":{"line":370,"column":0},"end":{"line":370,"column":53}},"370":{"start":{"line":371,"column":0},"end":{"line":371,"column":25}},"371":{"start":{"line":372,"column":0},"end":{"line":372,"column":25}},"372":{"start":{"line":373,"column":0},"end":{"line":373,"column":226}},"373":{"start":{"line":374,"column":0},"end":{"line":374,"column":53}},"374":{"start":{"line":375,"column":0},"end":{"line":375,"column":71}},"375":{"start":{"line":376,"column":0},"end":{"line":376,"column":25}},"376":{"start":{"line":377,"column":0},"end":{"line":377,"column":137}},"377":{"start":{"line":378,"column":0},"end":{"line":378,"column":53}},"378":{"start":{"line":379,"column":0},"end":{"line":379,"column":28}},"379":{"start":{"line":380,"column":0},"end":{"line":380,"column":25}},"380":{"start":{"line":381,"column":0},"end":{"line":381,"column":20}},"381":{"start":{"line":382,"column":0},"end":{"line":382,"column":18}},"382":{"start":{"line":383,"column":0},"end":{"line":383,"column":16}},"383":{"start":{"line":384,"column":0},"end":{"line":384,"column":10}},"384":{"start":{"line":385,"column":0},"end":{"line":385,"column":18}},"385":{"start":{"line":386,"column":0},"end":{"line":386,"column":6}},"386":{"start":{"line":387,"column":0},"end":{"line":387,"column":60}},"387":{"start":{"line":388,"column":0},"end":{"line":388,"column":5}},"388":{"start":{"line":389,"column":0},"end":{"line":389,"column":0}},"389":{"start":{"line":390,"column":0},"end":{"line":390,"column":52}},"390":{"start":{"line":391,"column":0},"end":{"line":391,"column":43}},"391":{"start":{"line":392,"column":0},"end":{"line":392,"column":3}},"392":{"start":{"line":393,"column":0},"end":{"line":393,"column":0}},"393":{"start":{"line":394,"column":0},"end":{"line":394,"column":5}},"394":{"start":{"line":395,"column":0},"end":{"line":395,"column":46}},"395":{"start":{"line":396,"column":0},"end":{"line":396,"column":5}},"396":{"start":{"line":397,"column":0},"end":{"line":397,"column":108}},"397":{"start":{"line":398,"column":0},"end":{"line":398,"column":57}},"398":{"start":{"line":399,"column":0},"end":{"line":399,"column":4}},"399":{"start":{"line":400,"column":0},"end":{"line":400,"column":29}},"400":{"start":{"line":401,"column":0},"end":{"line":401,"column":31}},"401":{"start":{"line":402,"column":0},"end":{"line":402,"column":16}},"402":{"start":{"line":403,"column":0},"end":{"line":403,"column":56}},"403":{"start":{"line":404,"column":0},"end":{"line":404,"column":71}},"404":{"start":{"line":405,"column":0},"end":{"line":405,"column":10}},"405":{"start":{"line":406,"column":0},"end":{"line":406,"column":31}},"406":{"start":{"line":407,"column":0},"end":{"line":407,"column":16}},"407":{"start":{"line":408,"column":0},"end":{"line":408,"column":56}},"408":{"start":{"line":409,"column":0},"end":{"line":409,"column":75}},"409":{"start":{"line":410,"column":0},"end":{"line":410,"column":10}},"410":{"start":{"line":411,"column":0},"end":{"line":411,"column":18}},"411":{"start":{"line":412,"column":0},"end":{"line":412,"column":16}},"412":{"start":{"line":413,"column":0},"end":{"line":413,"column":30}},"413":{"start":{"line":414,"column":0},"end":{"line":414,"column":52}},"414":{"start":{"line":415,"column":0},"end":{"line":415,"column":10}},"415":{"start":{"line":416,"column":0},"end":{"line":416,"column":18}},"416":{"start":{"line":417,"column":0},"end":{"line":417,"column":16}},"417":{"start":{"line":418,"column":0},"end":{"line":418,"column":30}},"418":{"start":{"line":419,"column":0},"end":{"line":419,"column":52}},"419":{"start":{"line":420,"column":0},"end":{"line":420,"column":10}},"420":{"start":{"line":421,"column":0},"end":{"line":421,"column":26}},"421":{"start":{"line":422,"column":0},"end":{"line":422,"column":16}},"422":{"start":{"line":423,"column":0},"end":{"line":423,"column":38}},"423":{"start":{"line":424,"column":0},"end":{"line":424,"column":62}},"424":{"start":{"line":425,"column":0},"end":{"line":425,"column":10}},"425":{"start":{"line":426,"column":0},"end":{"line":426,"column":19}},"426":{"start":{"line":427,"column":0},"end":{"line":427,"column":16}},"427":{"start":{"line":428,"column":0},"end":{"line":428,"column":35}},"428":{"start":{"line":429,"column":0},"end":{"line":429,"column":60}},"429":{"start":{"line":430,"column":0},"end":{"line":430,"column":10}},"430":{"start":{"line":431,"column":0},"end":{"line":431,"column":14}},"431":{"start":{"line":432,"column":0},"end":{"line":432,"column":16}},"432":{"start":{"line":433,"column":0},"end":{"line":433,"column":33}},"433":{"start":{"line":434,"column":0},"end":{"line":434,"column":45}},"434":{"start":{"line":435,"column":0},"end":{"line":435,"column":10}},"435":{"start":{"line":436,"column":0},"end":{"line":436,"column":5}},"436":{"start":{"line":437,"column":0},"end":{"line":437,"column":3}},"437":{"start":{"line":438,"column":0},"end":{"line":438,"column":0}},"438":{"start":{"line":439,"column":0},"end":{"line":439,"column":31}},"439":{"start":{"line":440,"column":0},"end":{"line":440,"column":54}},"440":{"start":{"line":441,"column":0},"end":{"line":441,"column":0}},"441":{"start":{"line":442,"column":0},"end":{"line":442,"column":5}},"442":{"start":{"line":443,"column":0},"end":{"line":443,"column":87}},"443":{"start":{"line":444,"column":0},"end":{"line":444,"column":5}},"444":{"start":{"line":445,"column":0},"end":{"line":445,"column":51}},"445":{"start":{"line":446,"column":0},"end":{"line":446,"column":73}},"446":{"start":{"line":447,"column":0},"end":{"line":447,"column":74}},"447":{"start":{"line":448,"column":0},"end":{"line":448,"column":65}},"448":{"start":{"line":449,"column":0},"end":{"line":449,"column":69}},"449":{"start":{"line":450,"column":0},"end":{"line":450,"column":87}},"450":{"start":{"line":451,"column":0},"end":{"line":451,"column":74}},"451":{"start":{"line":452,"column":0},"end":{"line":452,"column":0}},"452":{"start":{"line":453,"column":0},"end":{"line":453,"column":64}},"453":{"start":{"line":454,"column":0},"end":{"line":454,"column":43}},"454":{"start":{"line":455,"column":0},"end":{"line":455,"column":56}},"455":{"start":{"line":456,"column":0},"end":{"line":456,"column":102}},"456":{"start":{"line":457,"column":0},"end":{"line":457,"column":68}},"457":{"start":{"line":458,"column":0},"end":{"line":458,"column":9}},"458":{"start":{"line":459,"column":0},"end":{"line":459,"column":0}},"459":{"start":{"line":460,"column":0},"end":{"line":460,"column":31}},"460":{"start":{"line":461,"column":0},"end":{"line":461,"column":100}},"461":{"start":{"line":462,"column":0},"end":{"line":462,"column":66}},"462":{"start":{"line":463,"column":0},"end":{"line":463,"column":5}},"463":{"start":{"line":464,"column":0},"end":{"line":464,"column":0}},"464":{"start":{"line":465,"column":0},"end":{"line":465,"column":40}},"465":{"start":{"line":466,"column":0},"end":{"line":466,"column":49}},"466":{"start":{"line":467,"column":0},"end":{"line":467,"column":35}},"467":{"start":{"line":468,"column":0},"end":{"line":468,"column":44}},"468":{"start":{"line":469,"column":0},"end":{"line":469,"column":39}},"469":{"start":{"line":470,"column":0},"end":{"line":470,"column":86}},"470":{"start":{"line":471,"column":0},"end":{"line":471,"column":79}},"471":{"start":{"line":472,"column":0},"end":{"line":472,"column":54}},"472":{"start":{"line":473,"column":0},"end":{"line":473,"column":16}},"473":{"start":{"line":474,"column":0},"end":{"line":474,"column":88}},"474":{"start":{"line":475,"column":0},"end":{"line":475,"column":9}},"475":{"start":{"line":476,"column":0},"end":{"line":476,"column":9}},"476":{"start":{"line":477,"column":0},"end":{"line":477,"column":5}},"477":{"start":{"line":478,"column":0},"end":{"line":478,"column":0}},"478":{"start":{"line":479,"column":0},"end":{"line":479,"column":18}},"479":{"start":{"line":480,"column":0},"end":{"line":480,"column":47}},"480":{"start":{"line":481,"column":0},"end":{"line":481,"column":41}},"481":{"start":{"line":482,"column":0},"end":{"line":482,"column":40}},"482":{"start":{"line":483,"column":0},"end":{"line":483,"column":16}},"483":{"start":{"line":484,"column":0},"end":{"line":484,"column":40}},"484":{"start":{"line":485,"column":0},"end":{"line":485,"column":9}},"485":{"start":{"line":486,"column":0},"end":{"line":486,"column":9}},"486":{"start":{"line":487,"column":0},"end":{"line":487,"column":5}},"487":{"start":{"line":488,"column":0},"end":{"line":488,"column":0}},"488":{"start":{"line":489,"column":0},"end":{"line":489,"column":40}},"489":{"start":{"line":490,"column":0},"end":{"line":490,"column":49}},"490":{"start":{"line":491,"column":0},"end":{"line":491,"column":49}},"491":{"start":{"line":492,"column":0},"end":{"line":492,"column":42}},"492":{"start":{"line":493,"column":0},"end":{"line":493,"column":37}},"493":{"start":{"line":494,"column":0},"end":{"line":494,"column":9}},"494":{"start":{"line":495,"column":0},"end":{"line":495,"column":5}},"495":{"start":{"line":496,"column":0},"end":{"line":496,"column":0}},"496":{"start":{"line":497,"column":0},"end":{"line":497,"column":19}},"497":{"start":{"line":498,"column":0},"end":{"line":498,"column":71}},"498":{"start":{"line":499,"column":0},"end":{"line":499,"column":47}},"499":{"start":{"line":500,"column":0},"end":{"line":500,"column":69}},"500":{"start":{"line":501,"column":0},"end":{"line":501,"column":17}},"501":{"start":{"line":502,"column":0},"end":{"line":502,"column":41}},"502":{"start":{"line":503,"column":0},"end":{"line":503,"column":9}},"503":{"start":{"line":504,"column":0},"end":{"line":504,"column":9}},"504":{"start":{"line":505,"column":0},"end":{"line":505,"column":7}},"505":{"start":{"line":506,"column":0},"end":{"line":506,"column":0}},"506":{"start":{"line":507,"column":0},"end":{"line":507,"column":32}},"507":{"start":{"line":508,"column":0},"end":{"line":508,"column":73}},"508":{"start":{"line":509,"column":0},"end":{"line":509,"column":47}},"509":{"start":{"line":510,"column":0},"end":{"line":510,"column":69}},"510":{"start":{"line":511,"column":0},"end":{"line":511,"column":52}},"511":{"start":{"line":512,"column":0},"end":{"line":512,"column":93}},"512":{"start":{"line":513,"column":0},"end":{"line":513,"column":66}},"513":{"start":{"line":514,"column":0},"end":{"line":514,"column":9}},"514":{"start":{"line":515,"column":0},"end":{"line":515,"column":9}},"515":{"start":{"line":516,"column":0},"end":{"line":516,"column":7}},"516":{"start":{"line":517,"column":0},"end":{"line":517,"column":0}},"517":{"start":{"line":518,"column":0},"end":{"line":518,"column":73}},"518":{"start":{"line":519,"column":0},"end":{"line":519,"column":47}},"519":{"start":{"line":520,"column":0},"end":{"line":520,"column":69}},"520":{"start":{"line":521,"column":0},"end":{"line":521,"column":52}},"521":{"start":{"line":522,"column":0},"end":{"line":522,"column":78}},"522":{"start":{"line":523,"column":0},"end":{"line":523,"column":48}},"523":{"start":{"line":524,"column":0},"end":{"line":524,"column":11}},"524":{"start":{"line":525,"column":0},"end":{"line":525,"column":9}},"525":{"start":{"line":526,"column":0},"end":{"line":526,"column":9}},"526":{"start":{"line":527,"column":0},"end":{"line":527,"column":7}},"527":{"start":{"line":528,"column":0},"end":{"line":528,"column":3}},"528":{"start":{"line":529,"column":0},"end":{"line":529,"column":0}},"529":{"start":{"line":530,"column":0},"end":{"line":530,"column":5}},"530":{"start":{"line":531,"column":0},"end":{"line":531,"column":33}},"531":{"start":{"line":532,"column":0},"end":{"line":532,"column":5}},"532":{"start":{"line":533,"column":0},"end":{"line":533,"column":63}},"533":{"start":{"line":534,"column":0},"end":{"line":534,"column":74}},"534":{"start":{"line":535,"column":0},"end":{"line":535,"column":81}},"535":{"start":{"line":536,"column":0},"end":{"line":536,"column":48}},"536":{"start":{"line":537,"column":0},"end":{"line":537,"column":62}},"537":{"start":{"line":538,"column":0},"end":{"line":538,"column":15}},"538":{"start":{"line":539,"column":0},"end":{"line":539,"column":38}},"539":{"start":{"line":540,"column":0},"end":{"line":540,"column":80}},"540":{"start":{"line":541,"column":0},"end":{"line":541,"column":77}},"541":{"start":{"line":542,"column":0},"end":{"line":542,"column":5}},"542":{"start":{"line":543,"column":0},"end":{"line":543,"column":0}},"543":{"start":{"line":544,"column":0},"end":{"line":544,"column":60}},"544":{"start":{"line":545,"column":0},"end":{"line":545,"column":40}},"545":{"start":{"line":546,"column":0},"end":{"line":546,"column":52}},"546":{"start":{"line":547,"column":0},"end":{"line":547,"column":5}},"547":{"start":{"line":548,"column":0},"end":{"line":548,"column":3}},"548":{"start":{"line":549,"column":0},"end":{"line":549,"column":0}},"549":{"start":{"line":550,"column":0},"end":{"line":550,"column":5}},"550":{"start":{"line":551,"column":0},"end":{"line":551,"column":44}},"551":{"start":{"line":552,"column":0},"end":{"line":552,"column":5}},"552":{"start":{"line":553,"column":0},"end":{"line":553,"column":42}},"553":{"start":{"line":554,"column":0},"end":{"line":554,"column":44}},"554":{"start":{"line":555,"column":0},"end":{"line":555,"column":0}},"555":{"start":{"line":556,"column":0},"end":{"line":556,"column":90}},"556":{"start":{"line":557,"column":0},"end":{"line":557,"column":91}},"557":{"start":{"line":558,"column":0},"end":{"line":558,"column":0}},"558":{"start":{"line":559,"column":0},"end":{"line":559,"column":21}},"559":{"start":{"line":560,"column":0},"end":{"line":560,"column":52}},"560":{"start":{"line":561,"column":0},"end":{"line":561,"column":13}},"561":{"start":{"line":562,"column":0},"end":{"line":562,"column":5}},"562":{"start":{"line":563,"column":0},"end":{"line":563,"column":0}},"563":{"start":{"line":564,"column":0},"end":{"line":564,"column":86}},"564":{"start":{"line":565,"column":0},"end":{"line":565,"column":36}},"565":{"start":{"line":566,"column":0},"end":{"line":566,"column":57}},"566":{"start":{"line":567,"column":0},"end":{"line":567,"column":13}},"567":{"start":{"line":568,"column":0},"end":{"line":568,"column":5}},"568":{"start":{"line":569,"column":0},"end":{"line":569,"column":0}},"569":{"start":{"line":570,"column":0},"end":{"line":570,"column":36}},"570":{"start":{"line":571,"column":0},"end":{"line":571,"column":34}},"571":{"start":{"line":572,"column":0},"end":{"line":572,"column":60}},"572":{"start":{"line":573,"column":0},"end":{"line":573,"column":6}},"573":{"start":{"line":574,"column":0},"end":{"line":574,"column":0}},"574":{"start":{"line":575,"column":0},"end":{"line":575,"column":42}},"575":{"start":{"line":576,"column":0},"end":{"line":576,"column":74}},"576":{"start":{"line":577,"column":0},"end":{"line":577,"column":6}},"577":{"start":{"line":578,"column":0},"end":{"line":578,"column":28}},"578":{"start":{"line":579,"column":0},"end":{"line":579,"column":64}},"579":{"start":{"line":580,"column":0},"end":{"line":580,"column":17}},"580":{"start":{"line":581,"column":0},"end":{"line":581,"column":37}},"581":{"start":{"line":582,"column":0},"end":{"line":582,"column":42}},"582":{"start":{"line":583,"column":0},"end":{"line":583,"column":37}},"583":{"start":{"line":584,"column":0},"end":{"line":584,"column":7}},"584":{"start":{"line":585,"column":0},"end":{"line":585,"column":5}},"585":{"start":{"line":586,"column":0},"end":{"line":586,"column":3}},"586":{"start":{"line":587,"column":0},"end":{"line":587,"column":0}},"587":{"start":{"line":588,"column":0},"end":{"line":588,"column":5}},"588":{"start":{"line":589,"column":0},"end":{"line":589,"column":28}},"589":{"start":{"line":590,"column":0},"end":{"line":590,"column":5}},"590":{"start":{"line":591,"column":0},"end":{"line":591,"column":41}},"591":{"start":{"line":592,"column":0},"end":{"line":592,"column":93}},"592":{"start":{"line":593,"column":0},"end":{"line":593,"column":76}},"593":{"start":{"line":594,"column":0},"end":{"line":594,"column":78}},"594":{"start":{"line":595,"column":0},"end":{"line":595,"column":4}},"595":{"start":{"line":596,"column":0},"end":{"line":596,"column":45}},"596":{"start":{"line":597,"column":0},"end":{"line":597,"column":74}},"597":{"start":{"line":598,"column":0},"end":{"line":598,"column":24}},"598":{"start":{"line":599,"column":0},"end":{"line":599,"column":44}},"599":{"start":{"line":600,"column":0},"end":{"line":600,"column":5}},"600":{"start":{"line":601,"column":0},"end":{"line":601,"column":3}},"601":{"start":{"line":602,"column":0},"end":{"line":602,"column":0}},"602":{"start":{"line":603,"column":0},"end":{"line":603,"column":5}},"603":{"start":{"line":604,"column":0},"end":{"line":604,"column":30}},"604":{"start":{"line":605,"column":0},"end":{"line":605,"column":5}},"605":{"start":{"line":606,"column":0},"end":{"line":606,"column":69}},"606":{"start":{"line":607,"column":0},"end":{"line":607,"column":39}},"607":{"start":{"line":608,"column":0},"end":{"line":608,"column":15}},"608":{"start":{"line":609,"column":0},"end":{"line":609,"column":90}},"609":{"start":{"line":610,"column":0},"end":{"line":610,"column":37}},"610":{"start":{"line":611,"column":0},"end":{"line":611,"column":99}},"611":{"start":{"line":612,"column":0},"end":{"line":612,"column":7}},"612":{"start":{"line":613,"column":0},"end":{"line":613,"column":6}},"613":{"start":{"line":614,"column":0},"end":{"line":614,"column":48}},"614":{"start":{"line":615,"column":0},"end":{"line":615,"column":76}},"615":{"start":{"line":616,"column":0},"end":{"line":616,"column":93}},"616":{"start":{"line":617,"column":0},"end":{"line":617,"column":26}},"617":{"start":{"line":618,"column":0},"end":{"line":618,"column":68}},"618":{"start":{"line":619,"column":0},"end":{"line":619,"column":7}},"619":{"start":{"line":620,"column":0},"end":{"line":620,"column":5}},"620":{"start":{"line":621,"column":0},"end":{"line":621,"column":3}},"621":{"start":{"line":622,"column":0},"end":{"line":622,"column":0}},"622":{"start":{"line":623,"column":0},"end":{"line":623,"column":32}},"623":{"start":{"line":624,"column":0},"end":{"line":624,"column":58}},"624":{"start":{"line":625,"column":0},"end":{"line":625,"column":87}},"625":{"start":{"line":626,"column":0},"end":{"line":626,"column":0}},"626":{"start":{"line":627,"column":0},"end":{"line":627,"column":5}},"627":{"start":{"line":628,"column":0},"end":{"line":628,"column":40}},"628":{"start":{"line":629,"column":0},"end":{"line":629,"column":5}},"629":{"start":{"line":630,"column":0},"end":{"line":630,"column":67}},"630":{"start":{"line":631,"column":0},"end":{"line":631,"column":45}},"631":{"start":{"line":632,"column":0},"end":{"line":632,"column":3}},"632":{"start":{"line":633,"column":0},"end":{"line":633,"column":0}},"633":{"start":{"line":634,"column":0},"end":{"line":634,"column":96}},"634":{"start":{"line":635,"column":0},"end":{"line":635,"column":47}},"635":{"start":{"line":636,"column":0},"end":{"line":636,"column":3}},"636":{"start":{"line":637,"column":0},"end":{"line":637,"column":0}},"637":{"start":{"line":638,"column":0},"end":{"line":638,"column":5}},"638":{"start":{"line":639,"column":0},"end":{"line":639,"column":37}},"639":{"start":{"line":640,"column":0},"end":{"line":640,"column":5}},"640":{"start":{"line":641,"column":0},"end":{"line":641,"column":42}},"641":{"start":{"line":642,"column":0},"end":{"line":642,"column":32}},"642":{"start":{"line":643,"column":0},"end":{"line":643,"column":45}},"643":{"start":{"line":644,"column":0},"end":{"line":644,"column":13}},"644":{"start":{"line":645,"column":0},"end":{"line":645,"column":5}},"645":{"start":{"line":646,"column":0},"end":{"line":646,"column":0}},"646":{"start":{"line":647,"column":0},"end":{"line":647,"column":90}},"647":{"start":{"line":648,"column":0},"end":{"line":648,"column":91}},"648":{"start":{"line":649,"column":0},"end":{"line":649,"column":0}},"649":{"start":{"line":650,"column":0},"end":{"line":650,"column":21}},"650":{"start":{"line":651,"column":0},"end":{"line":651,"column":52}},"651":{"start":{"line":652,"column":0},"end":{"line":652,"column":13}},"652":{"start":{"line":653,"column":0},"end":{"line":653,"column":5}},"653":{"start":{"line":654,"column":0},"end":{"line":654,"column":0}},"654":{"start":{"line":655,"column":0},"end":{"line":655,"column":86}},"655":{"start":{"line":656,"column":0},"end":{"line":656,"column":36}},"656":{"start":{"line":657,"column":0},"end":{"line":657,"column":57}},"657":{"start":{"line":658,"column":0},"end":{"line":658,"column":13}},"658":{"start":{"line":659,"column":0},"end":{"line":659,"column":5}},"659":{"start":{"line":660,"column":0},"end":{"line":660,"column":0}},"660":{"start":{"line":661,"column":0},"end":{"line":661,"column":36}},"661":{"start":{"line":662,"column":0},"end":{"line":662,"column":34}},"662":{"start":{"line":663,"column":0},"end":{"line":663,"column":60}},"663":{"start":{"line":664,"column":0},"end":{"line":664,"column":6}},"664":{"start":{"line":665,"column":0},"end":{"line":665,"column":0}},"665":{"start":{"line":666,"column":0},"end":{"line":666,"column":45}},"666":{"start":{"line":667,"column":0},"end":{"line":667,"column":0}},"667":{"start":{"line":668,"column":0},"end":{"line":668,"column":40}},"668":{"start":{"line":669,"column":0},"end":{"line":669,"column":65}},"669":{"start":{"line":670,"column":0},"end":{"line":670,"column":6}},"670":{"start":{"line":671,"column":0},"end":{"line":671,"column":28}},"671":{"start":{"line":672,"column":0},"end":{"line":672,"column":64}},"672":{"start":{"line":673,"column":0},"end":{"line":673,"column":17}},"673":{"start":{"line":674,"column":0},"end":{"line":674,"column":37}},"674":{"start":{"line":675,"column":0},"end":{"line":675,"column":37}},"675":{"start":{"line":676,"column":0},"end":{"line":676,"column":7}},"676":{"start":{"line":677,"column":0},"end":{"line":677,"column":5}},"677":{"start":{"line":678,"column":0},"end":{"line":678,"column":3}},"678":{"start":{"line":679,"column":0},"end":{"line":679,"column":0}},"679":{"start":{"line":680,"column":0},"end":{"line":680,"column":5}},"680":{"start":{"line":681,"column":0},"end":{"line":681,"column":16}},"681":{"start":{"line":682,"column":0},"end":{"line":682,"column":5}},"682":{"start":{"line":683,"column":0},"end":{"line":683,"column":42}},"683":{"start":{"line":684,"column":0},"end":{"line":684,"column":25}},"684":{"start":{"line":685,"column":0},"end":{"line":685,"column":64}},"685":{"start":{"line":686,"column":0},"end":{"line":686,"column":76}},"686":{"start":{"line":687,"column":0},"end":{"line":687,"column":66}},"687":{"start":{"line":688,"column":0},"end":{"line":688,"column":7}},"688":{"start":{"line":689,"column":0},"end":{"line":689,"column":0}},"689":{"start":{"line":690,"column":0},"end":{"line":690,"column":73}},"690":{"start":{"line":691,"column":0},"end":{"line":691,"column":23}},"691":{"start":{"line":692,"column":0},"end":{"line":692,"column":79}},"692":{"start":{"line":693,"column":0},"end":{"line":693,"column":75}},"693":{"start":{"line":694,"column":0},"end":{"line":694,"column":5}},"694":{"start":{"line":695,"column":0},"end":{"line":695,"column":0}},"695":{"start":{"line":696,"column":0},"end":{"line":696,"column":25}},"696":{"start":{"line":697,"column":0},"end":{"line":697,"column":66}},"697":{"start":{"line":698,"column":0},"end":{"line":698,"column":38}},"698":{"start":{"line":699,"column":0},"end":{"line":699,"column":7}},"699":{"start":{"line":700,"column":0},"end":{"line":700,"column":0}},"700":{"start":{"line":701,"column":0},"end":{"line":701,"column":66}},"701":{"start":{"line":702,"column":0},"end":{"line":702,"column":24}},"702":{"start":{"line":703,"column":0},"end":{"line":703,"column":47}},"703":{"start":{"line":704,"column":0},"end":{"line":704,"column":5}},"704":{"start":{"line":705,"column":0},"end":{"line":705,"column":3}},"705":{"start":{"line":706,"column":0},"end":{"line":706,"column":0}},"706":{"start":{"line":707,"column":0},"end":{"line":707,"column":5}},"707":{"start":{"line":708,"column":0},"end":{"line":708,"column":26}},"708":{"start":{"line":709,"column":0},"end":{"line":709,"column":5}},"709":{"start":{"line":710,"column":0},"end":{"line":710,"column":30}},"710":{"start":{"line":711,"column":0},"end":{"line":711,"column":53}},"711":{"start":{"line":712,"column":0},"end":{"line":712,"column":3}},"712":{"start":{"line":713,"column":0},"end":{"line":713,"column":0}},"713":{"start":{"line":714,"column":0},"end":{"line":714,"column":30}},"714":{"start":{"line":715,"column":0},"end":{"line":715,"column":50}},"715":{"start":{"line":716,"column":0},"end":{"line":716,"column":3}},"716":{"start":{"line":717,"column":0},"end":{"line":717,"column":0}},"717":{"start":{"line":718,"column":0},"end":{"line":718,"column":43}},"718":{"start":{"line":719,"column":0},"end":{"line":719,"column":44}},"719":{"start":{"line":720,"column":0},"end":{"line":720,"column":51}},"720":{"start":{"line":721,"column":0},"end":{"line":721,"column":3}},"721":{"start":{"line":722,"column":0},"end":{"line":722,"column":0}},"722":{"start":{"line":723,"column":0},"end":{"line":723,"column":28}},"723":{"start":{"line":724,"column":0},"end":{"line":724,"column":48}},"724":{"start":{"line":725,"column":0},"end":{"line":725,"column":3}},"725":{"start":{"line":726,"column":0},"end":{"line":726,"column":0}},"726":{"start":{"line":727,"column":0},"end":{"line":727,"column":30}},"727":{"start":{"line":728,"column":0},"end":{"line":728,"column":50}},"728":{"start":{"line":729,"column":0},"end":{"line":729,"column":3}},"729":{"start":{"line":730,"column":0},"end":{"line":730,"column":0}},"730":{"start":{"line":731,"column":0},"end":{"line":731,"column":40}},"731":{"start":{"line":732,"column":0},"end":{"line":732,"column":53}},"732":{"start":{"line":733,"column":0},"end":{"line":733,"column":3}},"733":{"start":{"line":734,"column":0},"end":{"line":734,"column":0}},"734":{"start":{"line":735,"column":0},"end":{"line":735,"column":55}},"735":{"start":{"line":736,"column":0},"end":{"line":736,"column":58}},"736":{"start":{"line":737,"column":0},"end":{"line":737,"column":40}},"737":{"start":{"line":738,"column":0},"end":{"line":738,"column":79}},"738":{"start":{"line":739,"column":0},"end":{"line":739,"column":85}},"739":{"start":{"line":740,"column":0},"end":{"line":740,"column":53}},"740":{"start":{"line":741,"column":0},"end":{"line":741,"column":0}},"741":{"start":{"line":742,"column":0},"end":{"line":742,"column":5}},"742":{"start":{"line":743,"column":0},"end":{"line":743,"column":28}},"743":{"start":{"line":744,"column":0},"end":{"line":744,"column":5}},"744":{"start":{"line":745,"column":0},"end":{"line":745,"column":26}},"745":{"start":{"line":746,"column":0},"end":{"line":746,"column":39}},"746":{"start":{"line":747,"column":0},"end":{"line":747,"column":3}},"747":{"start":{"line":748,"column":0},"end":{"line":748,"column":1}}},"s":{"0":0,"1":0,"2":0,"3":0,"4":0,"5":0,"6":0,"7":0,"8":0,"9":0,"10":0,"11":0,"12":0,"13":0,"14":0,"15":0,"16":0,"17":0,"18":0,"19":0,"20":0,"21":0,"22":0,"23":0,"24":0,"25":0,"26":0,"27":0,"28":0,"29":0,"30":0,"31":0,"32":0,"33":0,"34":0,"35":0,"36":0,"37":0,"38":0,"39":0,"40":0,"41":0,"42":0,"43":0,"44":0,"45":0,"46":0,"47":0,"48":0,"49":0,"50":0,"51":0,"52":0,"53":0,"54":0,"55":0,"56":0,"57":0,"58":0,"59":0,"60":0,"61":0,"62":0,"63":0,"64":0,"65":0,"66":0,"67":0,"68":0,"69":0,"70":0,"71":0,"72":0,"73":0,"74":0,"75":0,"76":0,"77":0,"78":0,"79":0,"80":0,"81":0,"82":0,"83":0,"84":0,"85":0,"86":0,"87":0,"88":0,"89":0,"90":0,"91":0,"92":0,"93":0,"94":0,"95":0,"96":0,"97":0,"98":0,"99":0,"100":0,"101":0,"102":0,"103":0,"104":0,"105":0,"106":0,"107":0,"108":0,"109":0,"110":0,"111":0,"112":0,"113":0,"114":0,"115":0,"116":0,"117":0,"118":0,"119":0,"120":0,"121":0,"122":0,"123":0,"124":0,"125":0,"126":0,"127":0,"128":0,"129":0,"130":0,"131":0,"132":0,"133":0,"134":0,"135":0,"136":0,"137":0,"138":0,"139":0,"140":0,"141":0,"142":0,"143":0,"144":0,"145":0,"146":0,"147":0,"148":0,"149":0,"150":0,"151":0,"152":0,"153":0,"154":0,"155":0,"156":0,"157":0,"158":0,"159":0,"160":0,"161":0,"162":0,"163":0,"164":0,"165":0,"166":0,"167":0,"168":0,"169":0,"170":0,"171":0,"172":0,"173":0,"174":0,"175":0,"176":0,"177":0,"178":0,"179":0,"180":0,"181":0,"182":0,"183":0,"184":0,"185":0,"186":0,"187":0,"188":0,"189":0,"190":0,"191":0,"192":0,"193":0,"194":0,"195":0,"196":0,"197":0,"198":0,"199":0,"200":0,"201":0,"202":0,"203":0,"204":0,"205":0,"206":0,"207":0,"208":0,"209":0,"210":0,"211":0,"212":0,"213":0,"214":0,"215":0,"216":0,"217":0,"218":0,"219":0,"220":0,"221":0,"222":0,"223":0,"224":0,"225":0,"226":0,"227":0,"228":0,"229":0,"230":0,"231":0,"232":0,"233":0,"234":0,"235":0,"236":0,"237":0,"238":0,"239":0,"240":0,"241":0,"242":0,"243":0,"244":0,"245":0,"246":0,"247":0,"248":0,"249":0,"250":0,"251":0,"252":0,"253":0,"254":0,"255":0,"256":0,"257":0,"258":0,"259":0,"260":0,"261":0,"262":0,"263":0,"264":0,"265":0,"266":0,"267":0,"268":0,"269":0,"270":0,"271":0,"272":0,"273":0,"274":0,"275":0,"276":0,"277":0,"278":0,"279":0,"280":0,"281":0,"282":0,"283":0,"284":0,"285":0,"286":0,"287":0,"288":0,"289":0,"290":0,"291":0,"292":0,"293":0,"294":0,"295":0,"296":0,"297":0,"298":0,"299":0,"300":0,"301":0,"302":0,"303":0,"304":0,"305":0,"306":0,"307":0,"308":0,"309":0,"310":0,"311":0,"312":0,"313":0,"314":0,"315":0,"316":0,"317":0,"318":0,"319":0,"320":0,"321":0,"322":0,"323":0,"324":0,"325":0,"326":0,"327":0,"328":0,"329":0,"330":0,"331":0,"332":0,"333":0,"334":0,"335":0,"336":0,"337":0,"338":0,"339":0,"340":0,"341":0,"342":0,"343":0,"344":0,"345":0,"346":0,"347":0,"348":0,"349":0,"350":0,"351":0,"352":0,"353":0,"354":0,"355":0,"356":0,"357":0,"358":0,"359":0,"360":0,"361":0,"362":0,"363":0,"364":0,"365":0,"366":0,"367":0,"368":0,"369":0,"370":0,"371":0,"372":0,"373":0,"374":0,"375":0,"376":0,"377":0,"378":0,"379":0,"380":0,"381":0,"382":0,"383":0,"384":0,"385":0,"386":0,"387":0,"388":0,"389":0,"390":0,"391":0,"392":0,"393":0,"394":0,"395":0,"396":0,"397":0,"398":0,"399":0,"400":0,"401":0,"402":0,"403":0,"404":0,"405":0,"406":0,"407":0,"408":0,"409":0,"410":0,"411":0,"412":0,"413":0,"414":0,"415":0,"416":0,"417":0,"418":0,"419":0,"420":0,"421":0,"422":0,"423":0,"424":0,"425":0,"426":0,"427":0,"428":0,"429":0,"430":0,"431":0,"432":0,"433":0,"434":0,"435":0,"436":0,"437":0,"438":0,"439":0,"440":0,"441":0,"442":0,"443":0,"444":0,"445":0,"446":0,"447":0,"448":0,"449":0,"450":0,"451":0,"452":0,"453":0,"454":0,"455":0,"456":0,"457":0,"458":0,"459":0,"460":0,"461":0,"462":0,"463":0,"464":0,"465":0,"466":0,"467":0,"468":0,"469":0,"470":0,"471":0,"472":0,"473":0,"474":0,"475":0,"476":0,"477":0,"478":0,"479":0,"480":0,"481":0,"482":0,"483":0,"484":0,"485":0,"486":0,"487":0,"488":0,"489":0,"490":0,"491":0,"492":0,"493":0,"494":0,"495":0,"496":0,"497":0,"498":0,"499":0,"500":0,"501":0,"502":0,"503":0,"504":0,"505":0,"506":0,"507":0,"508":0,"509":0,"510":0,"511":0,"512":0,"513":0,"514":0,"515":0,"516":0,"517":0,"518":0,"519":0,"520":0,"521":0,"522":0,"523":0,"524":0,"525":0,"526":0,"527":0,"528":0,"529":0,"530":0,"531":0,"532":0,"533":0,"534":0,"535":0,"536":0,"537":0,"538":0,"539":0,"540":0,"541":0,"542":0,"543":0,"544":0,"545":0,"546":0,"547":0,"548":0,"549":0,"550":0,"551":0,"552":0,"553":0,"554":0,"555":0,"556":0,"557":0,"558":0,"559":0,"560":0,"561":0,"562":0,"563":0,"564":0,"565":0,"566":0,"567":0,"568":0,"569":0,"570":0,"571":0,"572":0,"573":0,"574":0,"575":0,"576":0,"577":0,"578":0,"579":0,"580":0,"581":0,"582":0,"583":0,"584":0,"585":0,"586":0,"587":0,"588":0,"589":0,"590":0,"591":0,"592":0,"593":0,"594":0,"595":0,"596":0,"597":0,"598":0,"599":0,"600":0,"601":0,"602":0,"603":0,"604":0,"605":0,"606":0,"607":0,"608":0,"609":0,"610":0,"611":0,"612":0,"613":0,"614":0,"615":0,"616":0,"617":0,"618":0,"619":0,"620":0,"621":0,"622":0,"623":0,"624":0,"625":0,"626":0,"627":0,"628":0,"629":0,"630":0,"631":0,"632":0,"633":0,"634":0,"635":0,"636":0,"637":0,"638":0,"639":0,"640":0,"641":0,"642":0,"643":0,"644":0,"645":0,"646":0,"647":0,"648":0,"649":0,"650":0,"651":0,"652":0,"653":0,"654":0,"655":0,"656":0,"657":0,"658":0,"659":0,"660":0,"661":0,"662":0,"663":0,"664":0,"665":0,"666":0,"667":0,"668":0,"669":0,"670":0,"671":0,"672":0,"673":0,"674":0,"675":0,"676":0,"677":0,"678":0,"679":0,"680":0,"681":0,"682":0,"683":0,"684":0,"685":0,"686":0,"687":0,"688":0,"689":0,"690":0,"691":0,"692":0,"693":0,"694":0,"695":0,"696":0,"697":0,"698":0,"699":0,"700":0,"701":0,"702":0,"703":0,"704":0,"705":0,"706":0,"707":0,"708":0,"709":0,"710":0,"711":0,"712":0,"713":0,"714":0,"715":0,"716":0,"717":0,"718":0,"719":0,"720":0,"721":0,"722":0,"723":0,"724":0,"725":0,"726":0,"727":0,"728":0,"729":0,"730":0,"731":0,"732":0,"733":0,"734":0,"735":0,"736":0,"737":0,"738":0,"739":0,"740":0,"741":0,"742":0,"743":0,"744":0,"745":0,"746":0,"747":0},"branchMap":{"0":{"type":"branch","line":1,"loc":{"start":{"line":1,"column":29200},"end":{"line":748,"column":1}},"locations":[{"start":{"line":1,"column":29200},"end":{"line":748,"column":1}}]}},"b":{"0":[0]},"fnMap":{"0":{"name":"(empty-report)","decl":{"start":{"line":1,"column":29200},"end":{"line":748,"column":1}},"loc":{"start":{"line":1,"column":29200},"end":{"line":748,"column":1}},"line":1}},"f":{"0":0}}
,"/Users/muhammadjon/Desktop/ITPU/WeatherApp/src/app/WeatherApp.ts": {"path":"/Users/muhammadjon/Desktop/ITPU/WeatherApp/src/app/WeatherApp.ts","all":true,"statementMap":{"0":{"start":{"line":1,"column":0},"end":{"line":1,"column":54}},"1":{"start":{"line":2,"column":0},"end":{"line":2,"column":46}},"2":{"start":{"line":3,"column":0},"end":{"line":3,"column":54}},"3":{"start":{"line":4,"column":0},"end":{"line":4,"column":61}},"4":{"start":{"line":5,"column":0},"end":{"line":5,"column":91}},"5":{"start":{"line":6,"column":0},"end":{"line":6,"column":56}},"6":{"start":{"line":7,"column":0},"end":{"line":7,"column":40}},"7":{"start":{"line":8,"column":0},"end":{"line":8,"column":60}},"8":{"start":{"line":9,"column":0},"end":{"line":9,"column":0}},"9":{"start":{"line":10,"column":0},"end":{"line":10,"column":3}},"10":{"start":{"line":11,"column":0},"end":{"line":11,"column":71}},"11":{"start":{"line":12,"column":0},"end":{"line":12,"column":64}},"12":{"start":{"line":13,"column":0},"end":{"line":13,"column":3}},"13":{"start":{"line":14,"column":0},"end":{"line":14,"column":25}},"14":{"start":{"line":15,"column":0},"end":{"line":15,"column":31}},"15":{"start":{"line":16,"column":0},"end":{"line":16,"column":51}},"16":{"start":{"line":17,"column":0},"end":{"line":17,"column":48}},"17":{"start":{"line":18,"column":0},"end":{"line":18,"column":50}},"18":{"start":{"line":19,"column":0},"end":{"line":19,"column":50}},"19":{"start":{"line":20,"column":0},"end":{"line":20,"column":0}},"20":{"start":{"line":21,"column":0},"end":{"line":21,"column":17}},"21":{"start":{"line":22,"column":0},"end":{"line":22,"column":37}},"22":{"start":{"line":23,"column":0},"end":{"line":23,"column":57}},"23":{"start":{"line":24,"column":0},"end":{"line":24,"column":3}},"24":{"start":{"line":25,"column":0},"end":{"line":25,"column":0}},"25":{"start":{"line":26,"column":0},"end":{"line":26,"column":5}},"26":{"start":{"line":27,"column":0},"end":{"line":27,"column":31}},"27":{"start":{"line":28,"column":0},"end":{"line":28,"column":5}},"28":{"start":{"line":29,"column":0},"end":{"line":29,"column":29}},"29":{"start":{"line":30,"column":0},"end":{"line":30,"column":31}},"30":{"start":{"line":31,"column":0},"end":{"line":31,"column":27}},"31":{"start":{"line":32,"column":0},"end":{"line":32,"column":45}},"32":{"start":{"line":33,"column":0},"end":{"line":33,"column":4}},"33":{"start":{"line":34,"column":0},"end":{"line":34,"column":64}},"34":{"start":{"line":35,"column":0},"end":{"line":35,"column":3}},"35":{"start":{"line":36,"column":0},"end":{"line":36,"column":0}},"36":{"start":{"line":37,"column":0},"end":{"line":37,"column":5}},"37":{"start":{"line":38,"column":0},"end":{"line":38,"column":31}},"38":{"start":{"line":39,"column":0},"end":{"line":39,"column":5}},"39":{"start":{"line":40,"column":0},"end":{"line":40,"column":39}},"40":{"start":{"line":41,"column":0},"end":{"line":41,"column":27}},"41":{"start":{"line":42,"column":0},"end":{"line":42,"column":53}},"42":{"start":{"line":43,"column":0},"end":{"line":43,"column":37}},"43":{"start":{"line":44,"column":0},"end":{"line":44,"column":7}},"44":{"start":{"line":45,"column":0},"end":{"line":45,"column":0}},"45":{"start":{"line":46,"column":0},"end":{"line":46,"column":30}},"46":{"start":{"line":47,"column":0},"end":{"line":47,"column":43}},"47":{"start":{"line":48,"column":0},"end":{"line":48,"column":33}},"48":{"start":{"line":49,"column":0},"end":{"line":49,"column":50}},"49":{"start":{"line":50,"column":0},"end":{"line":50,"column":7}},"50":{"start":{"line":51,"column":0},"end":{"line":51,"column":7}},"51":{"start":{"line":52,"column":0},"end":{"line":52,"column":0}},"52":{"start":{"line":53,"column":0},"end":{"line":53,"column":66}},"53":{"start":{"line":54,"column":0},"end":{"line":54,"column":43}},"54":{"start":{"line":55,"column":0},"end":{"line":55,"column":7}},"55":{"start":{"line":56,"column":0},"end":{"line":56,"column":0}},"56":{"start":{"line":57,"column":0},"end":{"line":57,"column":67}},"57":{"start":{"line":58,"column":0},"end":{"line":58,"column":42}},"58":{"start":{"line":59,"column":0},"end":{"line":59,"column":7}},"59":{"start":{"line":60,"column":0},"end":{"line":60,"column":0}},"60":{"start":{"line":61,"column":0},"end":{"line":61,"column":33}},"61":{"start":{"line":62,"column":0},"end":{"line":62,"column":47}},"62":{"start":{"line":63,"column":0},"end":{"line":63,"column":33}},"63":{"start":{"line":64,"column":0},"end":{"line":64,"column":66}},"64":{"start":{"line":65,"column":0},"end":{"line":65,"column":7}},"65":{"start":{"line":66,"column":0},"end":{"line":66,"column":7}},"66":{"start":{"line":67,"column":0},"end":{"line":67,"column":0}},"67":{"start":{"line":68,"column":0},"end":{"line":68,"column":96}},"68":{"start":{"line":69,"column":0},"end":{"line":69,"column":53}},"69":{"start":{"line":70,"column":0},"end":{"line":70,"column":7}},"70":{"start":{"line":71,"column":0},"end":{"line":71,"column":0}},"71":{"start":{"line":72,"column":0},"end":{"line":72,"column":67}},"72":{"start":{"line":73,"column":0},"end":{"line":73,"column":44}},"73":{"start":{"line":74,"column":0},"end":{"line":74,"column":7}},"74":{"start":{"line":75,"column":0},"end":{"line":75,"column":0}},"75":{"start":{"line":76,"column":0},"end":{"line":76,"column":102}},"76":{"start":{"line":77,"column":0},"end":{"line":77,"column":59}},"77":{"start":{"line":78,"column":0},"end":{"line":78,"column":7}},"78":{"start":{"line":79,"column":0},"end":{"line":79,"column":0}},"79":{"start":{"line":80,"column":0},"end":{"line":80,"column":88}},"80":{"start":{"line":81,"column":0},"end":{"line":81,"column":56}},"81":{"start":{"line":82,"column":0},"end":{"line":82,"column":7}},"82":{"start":{"line":83,"column":0},"end":{"line":83,"column":0}},"83":{"start":{"line":84,"column":0},"end":{"line":84,"column":69}},"84":{"start":{"line":85,"column":0},"end":{"line":85,"column":46}},"85":{"start":{"line":86,"column":0},"end":{"line":86,"column":7}},"86":{"start":{"line":87,"column":0},"end":{"line":87,"column":0}},"87":{"start":{"line":88,"column":0},"end":{"line":88,"column":20}},"88":{"start":{"line":89,"column":0},"end":{"line":89,"column":51}},"89":{"start":{"line":90,"column":0},"end":{"line":90,"column":34}},"90":{"start":{"line":91,"column":0},"end":{"line":91,"column":7}},"91":{"start":{"line":92,"column":0},"end":{"line":92,"column":0}},"92":{"start":{"line":93,"column":0},"end":{"line":93,"column":21}},"93":{"start":{"line":94,"column":0},"end":{"line":94,"column":41}},"94":{"start":{"line":95,"column":0},"end":{"line":95,"column":33}},"95":{"start":{"line":96,"column":0},"end":{"line":96,"column":7}},"96":{"start":{"line":97,"column":0},"end":{"line":97,"column":0}},"97":{"start":{"line":98,"column":0},"end":{"line":98,"column":26}},"98":{"start":{"line":99,"column":0},"end":{"line":99,"column":104}},"99":{"start":{"line":100,"column":0},"end":{"line":100,"column":66}},"100":{"start":{"line":101,"column":0},"end":{"line":101,"column":7}},"101":{"start":{"line":102,"column":0},"end":{"line":102,"column":3}},"102":{"start":{"line":103,"column":0},"end":{"line":103,"column":0}},"103":{"start":{"line":104,"column":0},"end":{"line":104,"column":5}},"104":{"start":{"line":105,"column":0},"end":{"line":105,"column":52}},"105":{"start":{"line":106,"column":0},"end":{"line":106,"column":5}},"106":{"start":{"line":107,"column":0},"end":{"line":107,"column":35}},"107":{"start":{"line":108,"column":0},"end":{"line":108,"column":9}},"108":{"start":{"line":109,"column":0},"end":{"line":109,"column":54}},"109":{"start":{"line":110,"column":0},"end":{"line":110,"column":62}},"110":{"start":{"line":111,"column":0},"end":{"line":111,"column":6}},"111":{"start":{"line":112,"column":0},"end":{"line":112,"column":52}},"112":{"start":{"line":113,"column":0},"end":{"line":113,"column":60}},"113":{"start":{"line":114,"column":0},"end":{"line":114,"column":6}},"114":{"start":{"line":115,"column":0},"end":{"line":115,"column":57}},"115":{"start":{"line":116,"column":0},"end":{"line":116,"column":64}},"116":{"start":{"line":117,"column":0},"end":{"line":117,"column":21}},"117":{"start":{"line":118,"column":0},"end":{"line":118,"column":58}},"118":{"start":{"line":119,"column":0},"end":{"line":119,"column":60}},"119":{"start":{"line":120,"column":0},"end":{"line":120,"column":5}},"120":{"start":{"line":121,"column":0},"end":{"line":121,"column":3}},"121":{"start":{"line":122,"column":0},"end":{"line":122,"column":0}},"122":{"start":{"line":123,"column":0},"end":{"line":123,"column":5}},"123":{"start":{"line":124,"column":0},"end":{"line":124,"column":36}},"124":{"start":{"line":125,"column":0},"end":{"line":125,"column":5}},"125":{"start":{"line":126,"column":0},"end":{"line":126,"column":60}},"126":{"start":{"line":127,"column":0},"end":{"line":127,"column":44}},"127":{"start":{"line":128,"column":0},"end":{"line":128,"column":59}},"128":{"start":{"line":129,"column":0},"end":{"line":129,"column":13}},"129":{"start":{"line":130,"column":0},"end":{"line":130,"column":5}},"130":{"start":{"line":131,"column":0},"end":{"line":131,"column":0}},"131":{"start":{"line":132,"column":0},"end":{"line":132,"column":9}},"132":{"start":{"line":133,"column":0},"end":{"line":133,"column":35}},"133":{"start":{"line":134,"column":0},"end":{"line":134,"column":6}},"134":{"start":{"line":135,"column":0},"end":{"line":135,"column":76}},"135":{"start":{"line":136,"column":0},"end":{"line":136,"column":38}},"136":{"start":{"line":137,"column":0},"end":{"line":137,"column":42}},"137":{"start":{"line":138,"column":0},"end":{"line":138,"column":58}},"138":{"start":{"line":139,"column":0},"end":{"line":139,"column":7}},"139":{"start":{"line":140,"column":0},"end":{"line":140,"column":0}},"140":{"start":{"line":141,"column":0},"end":{"line":141,"column":65}},"141":{"start":{"line":142,"column":0},"end":{"line":142,"column":53}},"142":{"start":{"line":143,"column":0},"end":{"line":143,"column":53}},"143":{"start":{"line":144,"column":0},"end":{"line":144,"column":9}},"144":{"start":{"line":145,"column":0},"end":{"line":145,"column":0}},"145":{"start":{"line":146,"column":0},"end":{"line":146,"column":50}},"146":{"start":{"line":147,"column":0},"end":{"line":147,"column":53}},"147":{"start":{"line":148,"column":0},"end":{"line":148,"column":82}},"148":{"start":{"line":149,"column":0},"end":{"line":149,"column":0}},"149":{"start":{"line":150,"column":0},"end":{"line":150,"column":106}},"150":{"start":{"line":151,"column":0},"end":{"line":151,"column":35}},"151":{"start":{"line":152,"column":0},"end":{"li
[...]
,"/Users/muhammadjon/Desktop/ITPU/WeatherApp/src/services/WeatherService.ts": {"path":"/Users/muhammadjon/Desktop/ITPU/WeatherApp/src/services/WeatherService.ts","all":true,"statementMap":{"0":{"start":{"line":1,"column":0},"end":{"line":1,"column":84}},"1":{"start":{"line":2,"column":0},"end":{"line":2,"column":54}},"2":{"start":{"line":3,"column":0},"end":{"line":3,"column":0}},"3":{"start":{"line":4,"column":0},"end":{"line":4,"column":3}},"4":{"start":{"line":5,"column":0},"end":{"line":5,"column":49}},"5":{"start":{"line":6,"column":0},"end":{"line":6,"column":3}},"6":{"start":{"line":7,"column":0},"end":{"line":7,"column":44}},"7":{"start":{"line":8,"column":0},"end":{"line":8,"column":63}},"8":{"start":{"line":9,"column":0},"end":{"line":9,"column":19}},"9":{"start":{"line":10,"column":0},"end":{"line":10,"column":34}},"10":{"start":{"line":11,"column":0},"end":{"line":11,"column":3}},"11":{"start":{"line":12,"column":0},"end":{"line":12,"column":1}},"12":{"start":{"line":13,"column":0},"end":{"line":13,"column":0}},"13":{"start":{"line":14,"column":0},"end":{"line":14,"column":41}},"14":{"start":{"line":15,"column":0},"end":{"line":15,"column":32}},"15":{"start":{"line":16,"column":0},"end":{"line":16,"column":19}},"16":{"start":{"line":17,"column":0},"end":{"line":17,"column":31}},"17":{"start":{"line":18,"column":0},"end":{"line":18,"column":3}},"18":{"start":{"line":19,"column":0},"end":{"line":19,"column":1}},"19":{"start":{"line":20,"column":0},"end":{"line":20,"column":0}},"20":{"start":{"line":21,"column":0},"end":{"line":21,"column":3}},"21":{"start":{"line":22,"column":0},"end":{"line":22,"column":73}},"22":{"start":{"line":23,"column":0},"end":{"line":23,"column":3}},"23":{"start":{"line":24,"column":0},"end":{"line":24,"column":32}},"24":{"start":{"line":25,"column":0},"end":{"line":25,"column":19}},"25":{"start":{"line":26,"column":0},"end":{"line":26,"column":35}},"26":{"start":{"line":27,"column":0},"end":{"line":27,"column":1}},"27":{"start":{"line":28,"column":0},"end":{"line":28,"column":0}},"28":{"start":{"line":29,"column":0},"end":{"line":29,"column":33}},"29":{"start":{"line":30,"column":0},"end":{"line":30,"column":21}},"30":{"start":{"line":31,"column":0},"end":{"line":31,"column":36}},"31":{"start":{"line":32,"column":0},"end":{"line":32,"column":1}},"32":{"start":{"line":33,"column":0},"end":{"line":33,"column":0}},"33":{"start":{"line":34,"column":0},"end":{"line":34,"column":3}},"34":{"start":{"line":35,"column":0},"end":{"line":35,"column":64}},"35":{"start":{"line":36,"column":0},"end":{"line":36,"column":51}},"36":{"start":{"line":37,"column":0},"end":{"line":37,"column":3}},"37":{"start":{"line":38,"column":0},"end":{"line":38,"column":29}},"38":{"start":{"line":39,"column":0},"end":{"line":39,"column":34}},"39":{"start":{"line":40,"column":0},"end":{"line":40,"column":35}},"40":{"start":{"line":41,"column":0},"end":{"line":41,"column":35}},"41":{"start":{"line":42,"column":0},"end":{"line":42,"column":0}},"42":{"start":{"line":43,"column":0},"end":{"line":43,"column":32}},"43":{"start":{"line":44,"column":0},"end":{"line":44,"column":86}},"44":{"start":{"line":45,"column":0},"end":{"line":45,"column":63}},"45":{"start":{"line":46,"column":0},"end":{"line":46,"column":82}},"46":{"start":{"line":47,"column":0},"end":{"line":47,"column":4}},"47":{"start":{"line":48,"column":0},"end":{"line":48,"column":58}},"48":{"start":{"line":49,"column":0},"end":{"line":49,"column":123}},"49":{"start":{"line":50,"column":0},"end":{"line":50,"column":5}},"50":{"start":{"line":51,"column":0},"end":{"line":51,"column":4}},"51":{"start":{"line":52,"column":0},"end":{"line":52,"column":37}},"52":{"start":{"line":53,"column":0},"end":{"line":53,"column":61}},"53":{"start":{"line":54,"column":0},"end":{"line":54,"column":47}},"54":{"start":{"line":55,"column":0},"end":{"line":55,"column":3}},"55":{"start":{"line":56,"column":0},"end":{"line":56,"column":0}},"56":{"start":{"line":57,"column":0},"end":{"line":57,"column":5}},"57":{"start":{"line":58,"column":0},"end":{"line":58,"column":36}},"58":{"start":{"line":59,"column":0},"end":{"line":59,"column":5}},"59":{"start":{"line":60,"column":0},"end":{"line":60,"column":71}},"60":{"start":{"line":61,"column":0},"end":{"line":61,"column":44}},"61":{"start":{"line":62,"column":0},"end":{"line":62,"column":47}},"62":{"start":{"line":63,"column":0},"end":{"line":63,"column":5}},"63":{"start":{"line":64,"column":0},"end":{"line":64,"column":0}},"64":{"start":{"line":65,"column":0},"end":{"line":65,"column":113}},"65":{"start":{"line":66,"column":0},"end":{"line":66,"column":4}},"66":{"start":{"line":67,"column":0},"end":{"line":67,"column":9}},"67":{"start":{"line":68,"column":0},"end":{"line":68,"column":56}},"68":{"start":{"line":69,"column":0},"end":{"line":69,"column":75}},"69":{"start":{"line":70,"column":0},"end":{"line":70,"column":40}},"70":{"start":{"line":71,"column":0},"end":{"line":71,"column":45}},"71":{"start":{"line":72,"column":0},"end":{"line":72,"column":21}},"72":{"start":{"line":73,"column":0},"end":{"line":73,"column":68}},"73":{"start":{"line":74,"column":0},"end":{"line":74,"column":51}},"74":{"start":{"line":75,"column":0},"end":{"line":75,"column":5}},"75":{"start":{"line":76,"column":0},"end":{"line":76,"column":3}},"76":{"start":{"line":77,"column":0},"end":{"line":77,"column":0}},"77":{"start":{"line":78,"column":0},"end":{"line":78,"column":5}},"78":{"start":{"line":79,"column":0},"end":{"line":79,"column":38}},"79":{"start":{"line":80,"column":0},"end":{"line":80,"column":5}},"80":{"start":{"line":81,"column":0},"end":{"line":81,"column":90}},"81":{"start":{"line":82,"column":0},"end":{"line":82,"column":32}},"82":{"start":{"line":83,"column":0},"end":{"line":83,"column":69}},"83":{"start":{"line":84,"column":0},"end":{"line":84,"column":5}},"84":{"start":{"line":85,"column":0},"end":{"line":85,"column":34}},"85":{"start":{"line":86,"column":0},"end":{"line":86,"column":72}},"86":{"start":{"line":87,"column":0},"end":{"line":87,"column":5}},"87":{"start":{"line":88,"column":0},"end":{"line":88,"column":0}},"88":{"start":{"line":89,"column":0},"end":{"line":89,"column":98}},"89":{"start":{"line":90,"column":0},"end":{"line":90,"column":4}},"90":{"start":{"line":91,"column":0},"end":{"line":91,"column":9}},"91":{"start":{"line":92,"column":0},"end":{"line":92,"column":56}},"92":{"start":{"line":93,"column":0},"end":{"line":93,"column":75}},"93":{"start":{"line":94,"column":0},"end":{"line":94,"column":40}},"94":{"start":{"line":95,"column":0},"end":{"line":95,"column":45}},"95":{"start":{"line":96,"column":0},"end":{"line":96,"column":21}},"96":{"start":{"line":97,"column":0},"end":{"line":97,"column":82}},"97":{"start":{"line":98,"column":0},"end":{"line":98,"column":18}},"98":{"start":{"line":99,"column":0},"end":{"line":99,"column":5}},"99":{"start":{"line":100,"column":0},"end":{"line":100,"column":3}},"100":{"start":{"line":101,"column":0},"end":{"line":101,"column":0}},"101":{"start":{"line":102,"column":0},"end":{"line":102,"column":5}},"102":{"start":{"line":103,"column":0},"end":{"line":103,"column":37}},"103":{"start":{"line":104,"column":0},"end":{"line":104,"column":5}},"104":{"start":{"line":105,"column":0},"end":{"line":105,"column":73}},"105":{"start":{"line":106,"column":0},"end":{"line":106,"column":44}},"106":{"start":{"line":107,"column":0},"end":{"line":107,"column":47}},"107":{"start":{"line":108,"column":0},"end":{"line":108,"column":5}},"108":{"start":{"line":109,"column":0},"end":{"line":109,"column":0}},"109":{"start":{"line":110,"column":0},"end":{"line":110,"column":114}},"110":{"start":{"line":111,"column":0},"end":{"line":111,"column":4}},"111":{"start":{"line":112,"column":0},"end":{"line":112,"column":9}},"112":{"start":{"line":113,"column":0},"end":{"line":113,"column":56}},"113":{"start":{"line":114,"column":0},"end":{"line":114,"column":76}},"114":{"start":{"line":115,"column":0},"end":{"line":115,"column":42}},"115":{"start":{"line":116,"column":0},"end":{"line":116,"column":46}},"116":{"start":{"line":117,"column":0},"end":{"line":117,"column":21}},"117":{"start":{"line":118,"column":0},"end":{"line":118,"column":69}},"118":{"start":{"line":119,"column":0},"end":{"line":119,"column":18}},"119":{"start":{"line":120,"column":0},"end":{"line":120,"column":5}},"120":{"start":{"line":121,"column":0},"end":{"line":121,"column":3}},"121":{"start":{"line":122,"column":0},"end":{"line":122,"column":0}},"122":{"start":{"line":123,"column":0},"end":{"line":123,"column":5}},"123":{"start":{"line":124,"column":0},"end":{"line":124,"column":39}},"124":{"start":{"line":125,"column":0},"end":{"line":125,"column":5}},"125":{"start":{"line":126,"column":0},"end":{"line":126,"column":92}},"126":{"start":{"line":127,"column":0},"end":{"line":127,"column":32}},"127":{"start":{"line":128,"column":0},"end":{"line":128,"column":69}},"128":{"start":{"line":129,"column":0},"end":{"line":129,"column":5}},"129":{"start":{"line":130,"column":0},"end":{"line":130,"column":34}},"130":{"start":{"line":131,"column":0},"end":{"line":131,"column":72}},"131":{"start":{"line":132,"column":0},"end":{"line":132,"column":5}},"132":{"start":{"line":133,"column":0},"end":{"line":133,"column":0}},"133":{"start":{"line":134,"column":0},"end":{"line":134,"column":99}},"134":{"start":{"line":135,"column":0},"end":{"line":135,"column":4}},"135":{"start":{"line":136,"column":0},"end":{"line":136,"column":9}},"136":{"start":{"line":137,"column":0},"end":{"line":137,"column":56}},"137":{"start":{"line":138,"column":0},"end":{"line":138,"column":76}},"138":{"start":{"line":139,"column":0},"end":{"line":139,"column":42}},"139":{"start":{"line":140,"column":0},"end":{"line":140,"column":46}},"140":{"start":{"line":141,"column":0},"end":{"line":141,"column":21}},"141":{"start":{"line":142,"column":0},"end":{"line":142,"column":83}},"142":{"start":{"line":143,"column":0},"end":{"line":143,"column":18}},"143":{"start":{"line":144,"column":0},"end":{"line":144,"column":5}},"144":{"start":{"line":145,"column":0},"end":{"line":145,"column":3}},"145":{"start":{"line":146,"column":0},"end":{"line":146,"column":0}},"146":{"start":{"line":147,"column":0},"end":{"line":147,"column":5}},"147":{"start":{"line":148,"column":0},"end":{"line":148,"column":51}},"148":{"start":{"line":149,"column":0},"end":{"line":149,"column":5}},"149":{"start":{"line":150,"column":0},"end":{"line":150,"column":66}},"150":{"start":{"line":151,"column":0},"end":{"line":151,"column":45}},"151":{"start":{"line":152,"column":0},"end":{"line":152,"column":73}},"152":{"start":{"line":153,"column":0},"end":{"line":153,"column":0}},"153":{"start":{"line":154,"column":0},"end":{"line":154,"column":9}},"154":{"start":{"line":155,"column":0},"end":{"line":155,"column":41}},"155":{"start":{"line":156,"column":0},"end":{"line":156,"column":34}},"156":{"start":{"line":157,"column":0},"end":{"line":157,"column":18}},"157":{"start":{"line":158,"column":0},"end":{"line":158,"column":39}},"158":{"start":{"line":159,"column":0},"end":{"line":159,"column":10}},"159":{"start":{"line":160,"column":0},"end":{"line":160,"column":9}},"160":{"start":{"line":161,"column":0},"end":{"line":161,"column":30}},"161":{"start":{"line":162,"column":0},"end":{"line":162,"column":22}},"162":{"start":{"line":163,"column":0},"end":{"line":163,"column":21}},"163":{"start":{"line":164,"column":0},"end":{"line":164,"column":30}},"164":{"start":{"line":165,"column":0},"end":{"line":165,"column":66}},"165":{"start":{"line":166,"column":0},"end":{"line":166,"column":90}},"166":{"start":{"line":167,"column":0},"end":{"line":167,"column":7}},"167":{"start":{"line":168,"column":0},"end":{"line":168,"column":86}},"168":{"start":{"line":169,"column":0},"end":{"line":169,"column":5}},"169":{"start":{"line":170,"column":0},"end":{"line":170,"column":3}},"170":{"start":{"line":171,"column":0},"end":{"line":171,"column":0}},"171":{"start":{"line":172,"column":0},"end":{"line":172,"column":5}},"172":{"start":{"line":173,"column":0},"end":{"line":173,"column":35}},"173":{"start":{"line":174,"column":0},"end":{"line":174,"column":5}},"174":{"start":{"line":175,"column":0},"end":{"line":175,"column":67}},"175":{"start":{"line":176,"column":0},"end":{"line":176,"column":23}},"176":{"start":{"line":177,"column":0},"end":{"line":177,"column":58}},"177":{"start":{"line":178,"column":0},"end":{"line":178,"column":6}},"178":{"start":{"line":179,"column":0},"end":{"line":179,"column":11}},"179":{"start":{"line":180,"column":0},"end":{"line":180,"column":48}},"180":{"start":{"line":181,"column":0},"end":{"line":181,"column":32}},"181":{"start":{"line":182,"column":0},"end":{"line":182,"column":43}},"182":{"start":{"line":183,"column":0},"end":{"line":183,"column":9}},"183":{"start":{"line":184,"column":0},"end":{"line":184,"column":15}},"184":{"start":{"line":185,"column":0},"end":{"line":185,"column":72}},"185":{"start":{"line":186,"column":0},"end":{"line":186,"column":7}},"186":{"start":{"line":187,"column":0},"end":{"line":187,"column":0}},"187":{"start":{"line":188,"column":0},"end":{"line":188,"column":32}},"188":{"start":{"line":189,"column":0},"end":{"line":189,"column":17}},"189":{"start":{"line":190,"column":0},"end":{"line":190,"column":60}},"190":{"start":{"line":191,"column":0},"end":{"line":191,"column":17}},"191":{"start":{"line":192,"column":0},"end":{"line":192,"column":63}},"192":{"start":{"line":193,"column":0},"end":{"line":193,"column":17}},"193":{"start":{"line":194,"column":0},"end":{"line":194,"column":68}},"194":{"start":{"line":195,"column":0},"end":{"line":195,"column":17}},"195":{"start":{"line":196,"column":0},"end":{"line":196,"column":17}},"196":{"start":{"line":197,"column":0},"end":{"line":197,"column":17}},"197":{"start":{"line":198,"column":0},"end":{"line":198,"column":96}},"198":{"start":{"line":199,"column":0},"end":{"line":199,"column":16}},"199":{"start":{"line":200,"column":0},"end":{"line":200,"column":67}},"200":{"start":{"line":201,"column":0},"end":{"line":201,"column":7}},"201":{"start":{"line":202,"column":0},"end":{"line":202,"column":5}},"202":{"start":{"line":203,"column":0},"end":{"line":203,"column":0}},"203":{"start":{"line":204,"column":0},"end":{"line":204,"column":9}},"204":{"start":{"line":205,"column":0},"end":{"line":205,"column":40}},"205":{"start":{"line":206,"column":0},"end":{"line":206,"column":21}},"206":{"start":{"line":207,"column":0},"end":{"line":207,"column":80}},"207":{"start":{"line":208,"column":0},"end":{"line":208,"column":5}},"208":{"start":{"line":209,"column":0},"end":{"line":209,"column":3}},"209":{"start":{"line":210,"column":0},"end":{"line":210,"column":0}},"210":{"start":{"line":211,"column":0},"end":{"line":211,"column":5}},"211":{"start":{"line":212,"column":0},"end":{"line":212,"column":26}},"212":{"start":{"line":213,"column":0},"end":{"line":213,"column":5}},"213":{"start":{"line":214,"column":0},"end":{"line":214,"column":62}},"214":{"start":{"line":215,"column":0},"end":{"line":215,"column":67}},"215":{"start":{"line":216,"column":0},"end":{"line":216,"column":4}},"216":{"start":{"line":217,"column":0},"end":{"line":217,"column":60}},"217":{"start":{"line":218,"column":0},"end":{"line":218,"column":51}},"218":{"start":{"line":219,"column":0},"end":{"line":219,"column":3}},"219":{"start":{"line":220,"column":0},"end":{"line":220,"column":0}},"220":{"start":{"line":221,"column":0},"end":{"line":221,"column":5}},"221":{"start":{"line":222,"column":0},"end":{"line":222,"column":24}},"222":{"start":{"line":223,"column":0},"end":{"line":223,"column":5}},"223":{"start":{"line":224,"column":0},"end":{"line":224,"column":51}},"224":{"start":{"line":225,"column":0},"end":{"line":225,"column":9}},"225":{"start":{"line":226,"column":0},"end":{"line":226,"column":44}},"226":{"start":{"line":227,"column":0},"end":{"line":227,"column":18}},"227":{"start":{"line":228,"column":0},"end":{"line":228,"column":13}},"228":{"start":{"line":229,"column":0},"end":{"line":229,"column":19}},"229":{"start":{"line":230,"column":0},"end":{"line":230,"column":5}},"230":{"start":{"line":231,"column":0},"end":{"line":231,"column":3}},"231":{"start":{"line":232,"column":0},"end":{"line":232,"column":1}},"232":{"start":{"line":233,"column":0},"end":{"line":233,"column":0}},"233":{"start":{"line":234,"column":0},"end":{"line":234,"column":41}},"234":{"start":{"line":235,"column":0},"end":{"line":235,"column":51}},"235":{"start":{"line":236,"column":0},"end":{"line":236,"column":30}}},"s":{"0":0,"1":0,"2":0,"3":0,"4":0,"5":0,"6":0,"7":0,"8":0,"9":0,"10":0,"11":0,"12":0,"13":0,"14":0,"15":0,"16":0,"17":0,"18":0,"19":0,"20":0,"21":0,"22":0,"23":0,"24":0,"25":0,"26":0,"27":0,"28":0,"29":0,"30":0,"31":0,"32":0,"33":0,"34":0,"35":0,"36":0,"37":0,"38":0,"39":0,"40":0,"41":0,"42":0,"43":0,"44":0,"45":0,"46":0,"47":0,"48":0,"49":0,"50":0,"51":0,"52":0,"53":0,"54":0,"55":0,"56":0,"57":0,"58":0,"59":0,"60":0,"61":0,"62":0,"63":0,"64":0,"65":0,"66":0,"67":0,"68":0,"69":0,"70":0,"71":0,"72":0,"73":0,"74":0,"75":0,"76":0,"77":0,"78":0,"79":0,"80":0,"81":0,"82":0,"83":0,"84":0,"85":0,"86":0,"87":0,"88":0,"89":0,"90":0,"91":0,"92":0,"93":0,"94":0,"95":0,"96":0,"97":0,"98":0,"99":0,"100":0,"101":0,"102":0,"103":0,"104":0,"105":0,"106":0,"107":0,"108":0,"109":0,"110":0,"111":0,"112":0,"113":0,"114":0,"115":0,"116":0,"117":0,"118":0,"119":0,"120":0,"121":0,"122":0,"123":0,"124":0,"125":0,"126":0,"127":0,"128":0,"129":0,"130":0,"131":0,"132":0,"133":0,"134":0,"135":0,"136":0,"137":0,"138":0,"139":0,"140":0,"141":0,"142":0,"143":0,"144":0,"145":0,"146":0,"147":0,"148":0,"149":0,"150":0,"151":0,"152":0,"153":0,"154":0,"155":0,"156":0,"157":0,"158":0,"159":0,"160":0,"161":0,"162":0,"163":0,"164":0,"165":0,"166":0,"167":0,"168":0,"169":0,"170":0,"171":0,"172":0,"173":0,"174":0,"175":0,"176":0,"177":0,"178":0,"179":0,"180":0,"181":0,"182":0,"183":0,"184":0,"185":0,"186":0,"187":0,"188":0,"189":0,"190":0,"191":0,"192":0,"193":0,"194":0,"195":0,"196":0,"197":0,"198":0,"199":0,"200":0,"201":0,"202":0,"203":0,"204":0,"205":0,"206":0,"207":0,"208":0,"209":0,"210":0,"211":0,"212":0,"213":0,"214":0,"215":0,"216":0,"217":0,"218":0,"219":0,"220":0,"221":0,"222":0,"223":0,"224":0,"225":0,"226":0,"227":0,"228":0,"229":0,"230":0,"231":0,"232":0,"233":0,"234":0,"235":0},"branchMap":{"0":{"type":"branch","line":1,"loc":{"start":{"line":1,"column":7325},"end":{"line":236,"column":30}},"locations":[{"start":{"line":1,"column":7325},"end":{"line":236,"column":30}}]}},"b":{"0":[0]},"fnMap":{"0":{"name":"(empty-report)","decl":{"start":{"line":1,"column":7325},"end":{"line":236,"column":30}},"loc":{"start":{"line":1,"column":7325},"end":{"line":236,"column":30}},"line":1}},"f":{"0":0}}
}
